-------------------------------------------------------------------------------
Test set: aboodZaidLibrary.TestClsAdminBooksMenuScreen
-------------------------------------------------------------------------------
Tests run: 10, Failures: 4, Errors: 0, Skipped: 0, Time elapsed: 0.3 s <<< FAILURE! - in aboodZaidLibrary.TestClsAdminBooksMenuScreen
test_ShowDeleteBookScreen_NoExceptions  Time elapsed: 0.144 s  <<< FAILURE!
org.opentest4j.AssertionFailedError: Unexpected exception thrown: java.lang.RuntimeException: java.lang.reflect.InvocationTargetException
	at aboodZaidLibrary.TestClsAdminBooksMenuScreen.test_ShowDeleteBookScreen_NoExceptions(TestClsAdminBooksMenuScreen.java:128)
Caused by: java.lang.RuntimeException: java.lang.reflect.InvocationTargetException
	at aboodZaidLibrary.TestClsAdminBooksMenuScreen.lambda$test_ShowDeleteBookScreen_NoExceptions$2(TestClsAdminBooksMenuScreen.java:132)
	at aboodZaidLibrary.TestClsAdminBooksMenuScreen.test_ShowDeleteBookScreen_NoExceptions(TestClsAdminBooksMenuScreen.java:128)
Caused by: java.lang.reflect.InvocationTargetException
	at aboodZaidLibrary.TestClsAdminBooksMenuScreen.lambda$test_ShowDeleteBookScreen_NoExceptions$2(TestClsAdminBooksMenuScreen.java:130)
	at aboodZaidLibrary.TestClsAdminBooksMenuScreen.test_ShowDeleteBookScreen_NoExceptions(TestClsAdminBooksMenuScreen.java:128)
Caused by: java.lang.NullPointerException: Cannot invoke "aboodZaidLibrary.clsUser.checkAccessPermission(aboodZaidLibrary.clsUser$enPermissions)" because "aboodZaidLibrary.clsUserSession.currentUser" is null
	at aboodZaidLibrary.TestClsAdminBooksMenuScreen.lambda$test_ShowDeleteBookScreen_NoExceptions$2(TestClsAdminBooksMenuScreen.java:130)
	at aboodZaidLibrary.TestClsAdminBooksMenuScreen.test_ShowDeleteBookScreen_NoExceptions(TestClsAdminBooksMenuScreen.java:128)

test_ShowAddBookScreen_NoExceptions  Time elapsed: 0.008 s  <<< FAILURE!
org.opentest4j.AssertionFailedError: Unexpected exception thrown: java.lang.RuntimeException: java.lang.reflect.InvocationTargetException
	at aboodZaidLibrary.TestClsAdminBooksMenuScreen.test_ShowAddBookScreen_NoExceptions(TestClsAdminBooksMenuScreen.java:113)
Caused by: java.lang.RuntimeException: java.lang.reflect.InvocationTargetException
	at aboodZaidLibrary.TestClsAdminBooksMenuScreen.lambda$test_ShowAddBookScreen_NoExceptions$1(TestClsAdminBooksMenuScreen.java:117)
	at aboodZaidLibrary.TestClsAdminBooksMenuScreen.test_ShowAddBookScreen_NoExceptions(TestClsAdminBooksMenuScreen.java:113)
Caused by: java.lang.reflect.InvocationTargetException
	at aboodZaidLibrary.TestClsAdminBooksMenuScreen.lambda$test_ShowAddBookScreen_NoExceptions$1(TestClsAdminBooksMenuScreen.java:115)
	at aboodZaidLibrary.TestClsAdminBooksMenuScreen.test_ShowAddBookScreen_NoExceptions(TestClsAdminBooksMenuScreen.java:113)
Caused by: java.lang.NullPointerException: Cannot invoke "aboodZaidLibrary.clsUser.isEmpty()" because "aboodZaidLibrary.clsUserSession.currentUser" is null
	at aboodZaidLibrary.TestClsAdminBooksMenuScreen.lambda$test_ShowAddBookScreen_NoExceptions$1(TestClsAdminBooksMenuScreen.java:115)
	at aboodZaidLibrary.TestClsAdminBooksMenuScreen.test_ShowAddBookScreen_NoExceptions(TestClsAdminBooksMenuScreen.java:113)

test_showBooksMenu_PrintsMenu  Time elapsed: 0.01 s  <<< FAILURE!
org.opentest4j.AssertionFailedError: expected: <true> but was: <false>
	at aboodZaidLibrary.TestClsAdminBooksMenuScreen.test_showBooksMenu_PrintsMenu(TestClsAdminBooksMenuScreen.java:177)

test_ShowBooksListScreen_NoExceptions  Time elapsed: 0.108 s  <<< FAILURE!
org.opentest4j.AssertionFailedError: Unexpected exception thrown: java.lang.RuntimeException: java.lang.reflect.InvocationTargetException
	at aboodZaidLibrary.TestClsAdminBooksMenuScreen.test_ShowBooksListScreen_NoExceptions(TestClsAdminBooksMenuScreen.java:96)
Caused by: java.lang.RuntimeException: java.lang.reflect.InvocationTargetException
	at aboodZaidLibrary.TestClsAdminBooksMenuScreen.lambda$test_ShowBooksListScreen_NoExceptions$0(TestClsAdminBooksMenuScreen.java:100)
	at aboodZaidLibrary.TestClsAdminBooksMenuScreen.test_ShowBooksListScreen_NoExceptions(TestClsAdminBooksMenuScreen.java:96)
Caused by: java.lang.reflect.InvocationTargetException
	at aboodZaidLibrary.TestClsAdminBooksMenuScreen.lambda$test_ShowBooksListScreen_NoExceptions$0(TestClsAdminBooksMenuScreen.java:98)
	at aboodZaidLibrary.TestClsAdminBooksMenuScreen.test_ShowBooksListScreen_NoExceptions(TestClsAdminBooksMenuScreen.java:96)
Caused by: java.lang.NullPointerException: Cannot invoke "aboodZaidLibrary.clsUser.isEmpty()" because "aboodZaidLibrary.clsUserSession.currentUser" is null
	at aboodZaidLibrary.TestClsAdminBooksMenuScreen.lambda$test_ShowBooksListScreen_NoExceptions$0(TestClsAdminBooksMenuScreen.java:98)
	at aboodZaidLibrary.TestClsAdminBooksMenuScreen.test_ShowBooksListScreen_NoExceptions(TestClsAdminBooksMenuScreen.java:96)

