<?xml version="1.0" encoding="UTF-8"?>
<testsuite xmlns:xsi="http://www.w3.org/2001/XMLSchema-instance" xsi:noNamespaceSchemaLocation="https://maven.apache.org/surefire/maven-surefire-plugin/xsd/surefire-test-report-3.0.xsd" version="3.0" name="aboodZaidLibrary.TestClsFine" time="0.095" tests="15" errors="0" skipped="0" failures="0">
  <properties>
[...]
</properties>
  <testcase name="testGetUserUnpaidFinesEmptyLine" classname="aboodZaidLibrary.TestClsFine" time="0.004"/>
  <testcase name="testPayAllUserFinesEmptyFinesFile" classname="aboodZaidLibrary.TestClsFine" time="0.004"/>
  <testcase name="testGetTotalUserFines" classname="aboodZaidLibrary.TestClsFine" time="0.013"/>
  <testcase name="testGetUserUnpaidFinesWrongUser" classname="aboodZaidLibrary.TestClsFine" time="0.004"/>
  <testcase name="testGetUserUnpaidFinesMalformedLine" classname="aboodZaidLibrary.TestClsFine" time="0.004"/>
  <testcase name="testGetUserUnpaidFinesNoFile" classname="aboodZaidLibrary.TestClsFine" time="0.003"/>
  <testcase name="testGenerateFinesFromOverdueLoans_Book" classname="aboodZaidLibrary.TestClsFine" time="0.004"/>
  <testcase name="testPayAllUserFines" classname="aboodZaidLibrary.TestClsFine" time="0.006"/>
  <testcase name="testPayAllUserFinesNoFines" classname="aboodZaidLibrary.TestClsFine" time="0.003"/>
  <testcase name="testGenerateFinesFromOverdueLoansNoLoansFile" classname="aboodZaidLibrary.TestClsFine" time="0.003"/>
  <testcase name="testHasUnpaidFines" classname="aboodZaidLibrary.TestClsFine" time="0.008"/>
  <testcase name="testGenerateFinesFromOverdueLoans_CD" classname="aboodZaidLibrary.TestClsFine" time="0.006"/>
  <testcase name="testGenerateFinesFromOverdueLoansNotOverdue" classname="aboodZaidLibrary.TestClsFine" time="0.006"/>
  <testcase name="testGenerateFinesFromOverdueLoansAlreadyReturned" classname="aboodZaidLibrary.TestClsFine" time="0.006"/>
  <testcase name="testGetUserUnpaidFinesReturnedFine" classname="aboodZaidLibrary.TestClsFine" time="0.004"/>
</testsuite>