<?xml version="1.0" encoding="UTF-8"?>
<testsuite xmlns:xsi="http://www.w3.org/2001/XMLSchema-instance" xsi:noNamespaceSchemaLocation="https://maven.apache.org/surefire/maven-surefire-plugin/xsd/surefire-test-report-3.0.xsd" version="3.0" name="aboodZaidLibrary.TestClsDate" time="0.299" tests="152" errors="0" skipped="0" failures="0">
  <properties>
[...]
</properties>
  <testcase name="testIsLeapYear_InstanceMethod" classname="aboodZaidLibrary.TestClsDate" time="0.0"/>
  <testcase name="testGetSystemDate" classname="aboodZaidLibrary.TestClsDate" time="0.001"/>
  <testcase name="testNumberOfDaysInAMonth_FebruaryNonLeapYear" classname="aboodZaidLibrary.TestClsDate" time="0.003"/>
  <testcase name="testClsDateConstructor_String_LeapYearFeb29" classname="aboodZaidLibrary.TestClsDate" time="0.001"/>
  <testcase name="testIsLeapYear_DivisibleBy4ButNot100" classname="aboodZaidLibrary.TestClsDate" time="0.001"/>
  <testcase name="testDayOfWeekOrder_March" classname="aboodZaidLibrary.TestClsDate" time="0.001"/>
  <testcase name="testIsDate1BeforeDate2_Date1YearGreater" classname="aboodZaidLibrary.TestClsDate" time="0.0"/>
  <testcase name="testDate1BeforeDate2_DayDifferenceTrue" classname="aboodZaidLibrary.TestClsDate" time="0.001"/>
  <testcase name="testIsDate1BeforeDate2_SameYearAndMonth_Date1DayGreater" classname="aboodZaidLibrary.TestClsDate" time="0.001"/>
  <testcase name="testNumberOfHoursInAYear_NoneLeapYear" classname="aboodZaidLibrary.TestClsDate" time="0.001"/>
  <testcase name="testSetDay_BoundaryMaxDay" classname="aboodZaidLibrary.TestClsDate" time="0.001"/>
  <testcase name="testSetDay_BoundaryMinDay" classname="aboodZaidLibrary.TestClsDate" time="0.0"/>
  <testcase name="testGetDateFromDayOrderInYear_FirstDayOfYear" classname="aboodZaidLibrary.TestClsDate" time="0.001"/>
  <testcase name="testNumberOfHoursInAMonth_InvalidYear" classname="aboodZaidLibrary.TestClsDate" time="0.002"/>
  <testcase name="testGetDifferenceInDays_InstanceMethod" classname="aboodZaidLibrary.TestClsDate" time="0.0"/>
  <testcase name="testDayOfWeekOrder_InvalidMonth" classname="aboodZaidLibrary.TestClsDate" time="0.0"/>
  <testcase name="testIsLeapYear_DivisibleBy400" classname="aboodZaidLibrary.TestClsDate" time="0.001"/>
  <testcase name="testAddDays_EndOfYear" classname="aboodZaidLibrary.TestClsDate" time="0.0"/>
  <testcase name="testNumberOfMinutesInAYear" classname="aboodZaidLibrary.TestClsDate" time="0.0"/>
  <testcase name="testNumberOfHoursInAMonth_InvalidMonth" classname="aboodZaidLibrary.TestClsDate" time="0.002"/>
  <testcase name="testGetDateFromDayOrderInYear_LeapYear" classname="aboodZaidLibrary.TestClsDate" time="0.001"/>
  <testcase name="testGetDifferenceInDays_DifferenceInYears_date2before_LeapYear" classname="aboodZaidLibrary.TestClsDate" time="0.002"/>
  <testcase name="testIsLeapYear_DivisibleBy100ButNot400" classname="aboodZaidLibrary.TestClsDate" time="0.001"/>
  <testcase name="testClsDateConstructor_CopyConstructor" classname="aboodZaidLibrary.TestClsDate" time="0.001"/>
  <testcase name="testDayShortName_DayOfWeekOrder" classname="aboodZaidLibrary.TestClsDate" time="0.0"/>
  <testcase name="testNumberOfSecondsInAMonth_InvalidMonth" classname="aboodZaidLibrary.TestClsDate" time="0.001"/>
  <testcase name="testNumberOfHoursInAYear_LeapYear" classname="aboodZaidLibrary.TestClsDate" time="0.001"/>
  <testcase name="testIsLeapYear_InValidYear" classname="aboodZaidLibrary.TestClsDate" time="0.001"/>
  <testcase name="testNumberOfSecondsInAYear_InvalidInput" classname="aboodZaidLibrary.TestClsDate" time="0.001"/>
  <testcase name="testIsDate1EqualDate2_DifferentYear" classname="aboodZaidLibrary.TestClsDate" time="0.001"/>
  <testcase name="testNumberOfMinutesInAYear_InValidInput" classname="aboodZaidLibrary.TestClsDate" time="0.001"/>
  <testcase name="testAddDays_DayInTheMiddleOfTheMonth" classname="aboodZaidLibrary.TestClsDate" time="0.0"/>
  <testcase name="testAddDays_LeapYearFeb28" classname="aboodZaidLibrary.TestClsDate" time="0.0"/>
  <testcase name="testDate1BeforeDate2_MonthDifference" classname="aboodZaidLibrary.TestClsDate" time="0.0"/>
  <testcase name="testDayOfWeekOrder_InvalidYear" classname="aboodZaidLibrary.TestClsDate" time="0.0"/>
  <testcase name="testMonthShortName_InstanceMethod" classname="aboodZaidLibrary.TestClsDate" time="0.001"/>
  <testcase name="testGetDifferenceInDays_SpanningLeapYear" classname="aboodZaidLibrary.TestClsDate" time="0.0"/>
  <testcase name="testSetDay_InvalidDay" classname="aboodZaidLibrary.TestClsDate" time="0.001"/>
  <testcase name="testGetDateFromDayOrderInYear_LeapYearDay60" classname="aboodZaidLibrary.TestClsDate" time="0.0"/>
  <testcase name="testNumberOfMinutesInAMonth_InstanceMethod" classname="aboodZaidLibrary.TestClsDate" time="0.0"/>
  <testcase name="testClsDateConstructor_String_InvalidDay" classname="aboodZaidLibrary.TestClsDate" time="0.0"/>
  <testcase name="testAddDays_EndOfMonth" classname="aboodZaidLibrary.TestClsDate" time="0.001"/>
  <testcase name="testDayShortName_DayMonthYear_InvalidYear" classname="aboodZaidLibrary.TestClsDate" time="0.001"/>
  <testcase name="testGetDifferenceInDays_DifferenceInYears_date1before_LeapYear" classname="aboodZaidLibrary.TestClsDate" time="0.001"/>
  <testcase name="testAddDays_NonLeapYearFeb28" classname="aboodZaidLibrary.TestClsDate" time="0.0"/>
  <testcase name="testNumberOfHoursInAYear_InstanceMethod" classname="aboodZaidLibrary.TestClsDate" time="0.001"/>
  <testcase name="testIsLeapYear_NonLeapYears" classname="aboodZaidLibrary.TestClsDate" time="0.0"/>
  <testcase name="testGetDifferenceInDays_Date2AfterDate1_NoSwap" classname="aboodZaidLibrary.TestClsDate" time="0.001"/>
  <testcase name="testNumberOfHoursInAMonth_NonLeapYear" classname="aboodZaidLibrary.TestClsDate" time="0.0"/>
  <testcase name="testSetYear_InvalidYear" classname="aboodZaidLibrary.TestClsDate" time="0.001"/>
  <testcase name="testIsDate1BeforeDate2_MonthAndYearSame_Date1After" classname="aboodZaidLibrary.TestClsDate" time="0.001"/>
  <testcase name="testNumberOfMinutesInAYear_InstanceMethod" classname="aboodZaidLibrary.TestClsDate" time="0.001"/>
  <testcase name="testDaysFromTheBeginningOfTheYear_InstanceMethod" classname="aboodZaidLibrary.TestClsDate" time="0.001"/>
  <testcase name="testNumberOfSecondsInAMonth_LeapYear" classname="aboodZaidLibrary.TestClsDate" time="0.0"/>
  <testcase name="testGetDifferenceInDays_SpanningNonLeapYear" classname="aboodZaidLibrary.TestClsDate" time="0.0"/>
  <testcase name="testDate1BeforeDate2_DayDifferenceFalse" classname="aboodZaidLibrary.TestClsDate" time="0.001"/>
  <testcase name="testNumberOfMinutesInAMonth_InvalidYear" classname="aboodZaidLibrary.TestClsDate" time="0.001"/>
  <testcase name="testDayShortName_DayMonthYear" classname="aboodZaidLibrary.TestClsDate" time="0.001"/>
  <testcase name="testIsDate1EqualDate2_Date1BeforeDate2" classname="aboodZaidLibrary.TestClsDate" time="0.0"/>
  <testcase name="testPrintYearCalendar_StaticMethod" classname="aboodZaidLibrary.TestClsDate" time="0.009">
    <system-out><![CDATA[
  _________________________________

           Calendar - 2023
  _________________________________


  _______________Jan_______________

  Sun  Mon  Tue  Wed  Thu  Fri  Sat
    1    2    3    4    5    6    7
    8    9   10   11   12   13   14
   15   16   17   18   19   20   21
   22   23   24   25   26   27   28
   29   30   31
  _________________________________

  _______________Feb_______________

  Sun  Mon  Tue  Wed  Thu  Fri  Sat
                   1    2    3    4
    5    6    7    8    9   10   11
   12   13   14   15   16   17   18
   19   20   21   22   23   24   25
   26   27   28
  _________________________________

  _______________Mar_______________

  Sun  Mon  Tue  Wed  Thu  Fri  Sat
                   1    2    3    4
    5    6    7    8    9   10   11
   12   13   14   15   16   17   18
   19   20   21   22   23   24   25
   26   27   28   29   30   31
  _________________________________

  _______________Apr_______________

  Sun  Mon  Tue  Wed  Thu  Fri  Sat
                                  1
    2    3    4    5    6    7    8
    9   10   11   12   13   14   15
   16   17   18   19   20   21   22
   23   24   25   26   27   28   29
   30
  _________________________________

  _______________May_______________

  Sun  Mon  Tue  Wed  Thu  Fri  Sat
         1    2    3    4    5    6
    7    8    9   10   11   12   13
   14   15   16   17   18   19   20
   21   22   23   24   25   26   27
   28   29   30   31
  _________________________________

  _______________Jun_______________

  Sun  Mon  Tue  Wed  Thu  Fri  Sat
                        1    2    3
    4    5    6    7    8    9   10
   11   12   13   14   15   16   17
   18   19   20   21   22   23   24
   25   26   27   28   29   30
  _________________________________

  _______________Jul_______________

  Sun  Mon  Tue  Wed  Thu  Fri  Sat
                                  1
    2    3    4    5    6    7    8
    9   10   11   12   13   14   15
   16   17   18   19   20   21   22
   23   24   25   26   27   28   29
   30   31
  _________________________________

  _______________Aug_______________

  Sun  Mon  Tue  Wed  Thu  Fri  Sat
              1    2    3    4    5
    6    7    8    9   10   11   12
   13   14   15   16   17   18   19
   20   21   22   23   24   25   26
   27   28   29   30   31
  _________________________________

  _______________Sep_______________

  Sun  Mon  Tue  Wed  Thu  Fri  Sat
                             1    2
    3    4    5    6    7    8    9
   10   11   12   13   14   15   16
   17   18   19   20   21   22   23
   24   25   26   27   28   29   30

  _________________________________

  _______________Oct_______________

  Sun  Mon  Tue  Wed  Thu  Fri  Sat
    1    2    3    4    5    6    7
    8    9   10   11   12   13   14
   15   16   17   18   19   20   21
   22   23   24   25   26   27   28
   29   30   31
  _________________________________

  _______________Nov_______________

  Sun  Mon  Tue  Wed  Thu  Fri  Sat
                   1    2    3    4
    5    6    7    8    9   10   11
   12   13   14   15   16   17   18
   19   20   21   22   23   24   25
   26   27   28   29   30
  _________________________________

  _______________Dec_______________

  Sun  Mon  Tue  Wed  Thu  Fri  Sat
                             1    2
    3    4    5    6    7    8    9
   10   11   12   13   14   15   16
   17   18   19   20   21   22   23
   24   25   26   27   28   29   30
   31
  _________________________________
]]></system-out>
  </testcase>
  <testcase name="testGetDateFromDayOrderInYear_LastDayOfYear" classname="aboodZaidLibrary.TestClsDate" time="0.001"/>
  <testcase name="testPrintMonthCalendar_InstanceMethod" classname="aboodZaidLibrary.TestClsDate" time="0.002">
    <system-out><![CDATA[
  _______________Jun_______________

  Sun  Mon  Tue  Wed  Thu  Fri  Sat
                        1    2    3
    4    5    6    7    8    9   10
   11   12   13   14   15   16   17
   18   19   20   21   22   23   24
   25   26   27   28   29   30
  _________________________________
]]></system-out>
  </testcase>
  <testcase name="testSetMonth_ValidMonth" classname="aboodZaidLibrary.TestClsDate" time="0.001"/>
  <testcase name="testNumberOfSecondsInAMonth_InstanceMethod" classname="aboodZaidLibrary.TestClsDate" time="0.0"/>
  <testcase name="testClsDateConstructor_String_InvalidFormat" classname="aboodZaidLibrary.TestClsDate" time="0.001"/>
  <testcase name="testIsDate1EqualDate2_Date2BeforeDate1" classname="aboodZaidLibrary.TestClsDate" time="0.0"/>
  <testcase name="testDate1BeforeDate2_SameDate" classname="aboodZaidLibrary.TestClsDate" time="0.0"/>
  <testcase name="testDaysFromTheBeginningOfTheYear_InvalidYear" classname="aboodZaidLibrary.TestClsDate" time="0.0"/>
  <testcase name="testNumberOfHoursInAMonth_InstanceMethod" classname="aboodZaidLibrary.TestClsDate" time="0.0"/>
  <testcase name="testIsDateEqualDate2_InstanceMethod_False" classname="aboodZaidLibrary.TestClsDate" time="0.001"/>
  <testcase name="testDayOfWeekOrder_February" classname="aboodZaidLibrary.TestClsDate" time="0.0"/>
  <testcase name="testIsLeapYear_NotDivisibleBy4" classname="aboodZaidLibrary.TestClsDate" time="0.001"/>
  <testcase name="testPrintMonthCalendar_InvalidYear" classname="aboodZaidLibrary.TestClsDate" time="0.001"/>
  <testcase name="testGetDifferenceInDays_DifferenceInMonths_date1before" classname="aboodZaidLibrary.TestClsDate" time="0.002"/>
  <testcase name="testNumberOfDaysInAMonth_InvalidMonth" classname="aboodZaidLibrary.TestClsDate" time="0.001"/>
  <testcase name="testPrintYearCalendar_InstanceMethod" classname="aboodZaidLibrary.TestClsDate" time="0.012">
    <system-out><![CDATA[
  _________________________________

           Calendar - 2023
  _________________________________


  _______________Jan_______________

  Sun  Mon  Tue  Wed  Thu  Fri  Sat
    1    2    3    4    5    6    7
    8    9   10   11   12   13   14
   15   16   17   18   19   20   21
   22   23   24   25   26   27   28
   29   30   31
  _________________________________

  _______________Feb_______________

  Sun  Mon  Tue  Wed  Thu  Fri  Sat
                   1    2    3    4
    5    6    7    8    9   10   11
   12   13   14   15   16   17   18
   19   20   21   22   23   24   25
   26   27   28
  _________________________________

  _______________Mar_______________

  Sun  Mon  Tue  Wed  Thu  Fri  Sat
                   1    2    3    4
    5    6    7    8    9   10   11
   12   13   14   15   16   17   18
   19   20   21   22   23   24   25
   26   27   28   29   30   31
  _________________________________

  _______________Apr_______________

  Sun  Mon  Tue  Wed  Thu  Fri  Sat
                                  1
    2    3    4    5    6    7    8
    9   10   11   12   13   14   15
   16   17   18   19   20   21   22
   23   24   25   26   27   28   29
   30
  _________________________________

  _______________May_______________

  Sun  Mon  Tue  Wed  Thu  Fri  Sat
         1    2    3    4    5    6
    7    8    9   10   11   12   13
   14   15   16   17   18   19   20
   21   22   23   24   25   26   27
   28   29   30   31
  _________________________________

  _______________Jun_______________

  Sun  Mon  Tue  Wed  Thu  Fri  Sat
                        1    2    3
    4    5    6    7    8    9   10
   11   12   13   14   15   16   17
   18   19   20   21   22   23   24
   25   26   27   28   29   30
  _________________________________

  _______________Jul_______________

  Sun  Mon  Tue  Wed  Thu  Fri  Sat
                                  1
    2    3    4    5    6    7    8
    9   10   11   12   13   14   15
   16   17   18   19   20   21   22
   23   24   25   26   27   28   29
   30   31
  _________________________________

  _______________Aug_______________

  Sun  Mon  Tue  Wed  Thu  Fri  Sat
              1    2    3    4    5
    6    7    8    9   10   11   12
   13   14   15   16   17   18   19
   20   21   22   23   24   25   26
   27   28   29   30   31
  _________________________________

  _______________Sep_______________

  Sun  Mon  Tue  Wed  Thu  Fri  Sat
                             1    2
    3    4    5    6    7    8    9
   10   11   12   13   14   15   16
   17   18   19   20   21   22   23
   24   25   26   27   28   29   30

  _________________________________

  _______________Oct_______________

  Sun  Mon  Tue  Wed  Thu  Fri  Sat
    1    2    3    4    5    6    7
    8    9   10   11   12   13   14
   15   16   17   18   19   20   21
   22   23   24   25   26   27   28
   29   30   31
  _________________________________

  _______________Nov_______________

  Sun  Mon  Tue  Wed  Thu  Fri  Sat
                   1    2    3    4
    5    6    7    8    9   10   11
   12   13   14   15   16   17   18
   19   20   21   22   23   24   25
   26   27   28   29   30
  _________________________________

  _______________Dec_______________

  Sun  Mon  Tue  Wed  Thu  Fri  Sat
                             1    2
    3    4    5    6    7    8    9
   10   11   12   13   14   15   16
   17   18   19   20   21   22   23
   24   25   26   27   28   29   30
   31
  _________________________________
]]></system-out>
  </testcase>
  <testcase name="testAddDays_CrossingYears" classname="aboodZaidLibrary.TestClsDate" time="0.002"/>
  <testcase name="testAddDays_NegativeDays" classname="aboodZaidLibrary.TestClsDate" time="0.001"/>
  <testcase name="testDate1BeforeDate2_YearDifference" classname="aboodZaidLibrary.TestClsDate" time="0.001"/>
  <testcase name="testNumberOfMinutesInAMonth_NonLeapYear" classname="aboodZaidLibrary.TestClsDate" time="0.006"/>
  <testcase name="testGetDifferenceInDays_Date1AfterDate2_SwapFlagActivated" classname="aboodZaidLibrary.TestClsDate" time="0.001"/>
  <testcase name="testNumberOfHoursInAMonth_LeapYear" classname="aboodZaidLibrary.TestClsDate" time="0.001"/>
  <testcase name="testNumberOfSecondsInAYear" classname="aboodZaidLibrary.TestClsDate" time="0.0"/>
  <testcase name="testClsDateConstructor_DayMonthYear_InvalidLeapYearFeb29" classname="aboodZaidLibrary.TestClsDate" time="0.0"/>
  <testcase name="testDaysFromTheBeginningOfTheYear_InvalidDay" classname="aboodZaidLibrary.TestClsDate" time="0.002"/>
  <testcase name="testPrintMonthCalendar_InvalidMonth" classname="aboodZaidLibrary.TestClsDate" time="0.001"/>
  <testcase name="testDayShortName_InstanceMethod" classname="aboodZaidLibrary.TestClsDate" time="0.001"/>
  <testcase name="testGetDateFromDayOrderInYear" classname="aboodZaidLibrary.TestClsDate" time="0.001"/>
  <testcase name="testDaysFromTheBeginningOfTheYear" classname="aboodZaidLibrary.TestClsDate" time="0.0"/>
  <testcase name="testDayShortName_DayOfWeekOrder_InvalidInput" classname="aboodZaidLibrary.TestClsDate" time="0.002"/>
  <testcase name="testClsDateConstructor_DayMonthYear_InvalidDay" classname="aboodZaidLibrary.TestClsDate" time="0.018"/>
  <testcase name="testSetYear_ValidYear" classname="aboodZaidLibrary.TestClsDate" time="0.001"/>
  <testcase name="testNumberOfHoursInAYear_InvalidYear" classname="aboodZaidLibrary.TestClsDate" time="0.007"/>
  <testcase name="testIsDate1EqualDate2_SameYearAndMonth_DifferentDay" classname="aboodZaidLibrary.TestClsDate" time="0.001"/>
  <testcase name="testIsDateBeforeDate2_InstanceMethod_True" classname="aboodZaidLibrary.TestClsDate" time="0.001"/>
  <testcase name="testSetDay_ValidDay" classname="aboodZaidLibrary.TestClsDate" time="0.001"/>
  <testcase name="testClsDateConstructor_String_InvalidYear" classname="aboodZaidLibrary.TestClsDate" time="0.001"/>
  <testcase name="testSetDay_InvalidZero" classname="aboodZaidLibrary.TestClsDate" time="0.006"/>
  <testcase name="testIsDate1BeforeDate2_YearDifferent_MonthAndDaySame" classname="aboodZaidLibrary.TestClsDate" time="0.005"/>
  <testcase name="testGetDateFromDayOrderInYear_MidYear" classname="aboodZaidLibrary.TestClsDate" time="0.002"/>
  <testcase name="testGetDifferenceInDays_DifferenceInDays_date1before" classname="aboodZaidLibrary.TestClsDate" time="0.002"/>
  <testcase name="testClsDateConstructor_DayMonthYear_ValidDate" classname="aboodZaidLibrary.TestClsDate" time="0.0"/>
  <testcase name="testGetDifferenceInDays_DifferenceInMonths_date2before" classname="aboodZaidLibrary.TestClsDate" time="0.001"/>
  <testcase name="testNumberOfDaysInAMonth_FebruaryLeapYear" classname="aboodZaidLibrary.TestClsDate" time="0.0"/>
  <testcase name="testGetDifferenceInDays_DifferenceInYears_date2before_NonLeapYear" classname="aboodZaidLibrary.TestClsDate" time="0.0"/>
  <testcase name="testDayOfWeekOrder" classname="aboodZaidLibrary.TestClsDate" time="0.003"/>
  <testcase name="testNumberOfDaysInAYear_NoneLeapYear" classname="aboodZaidLibrary.TestClsDate" time="0.0"/>
  <testcase name="testPrintMonthCalendar_StaticMethod" classname="aboodZaidLibrary.TestClsDate" time="0.001">
    <system-out><![CDATA[
  _______________Jun_______________

  Sun  Mon  Tue  Wed  Thu  Fri  Sat
                        1    2    3
    4    5    6    7    8    9   10
   11   12   13   14   15   16   17
   18   19   20   21   22   23   24
   25   26   27   28   29   30
  _________________________________
]]></system-out>
  </testcase>
  <testcase name="testNumberOfDaysInAMonth_LeapYear" classname="aboodZaidLibrary.TestClsDate" time="0.0"/>
  <testcase name="testIsDate1EqualDate2_SameDate" classname="aboodZaidLibrary.TestClsDate" time="0.001"/>
  <testcase name="testAddDays_StaysInSameMonth" classname="aboodZaidLibrary.TestClsDate" time="0.001"/>
  <testcase name="testAddDays_MultipleMonths" classname="aboodZaidLibrary.TestClsDate" time="0.003"/>
  <testcase name="testClsDateConstructor_DayMonthYear_LeapYearFeb29" classname="aboodZaidLibrary.TestClsDate" time="0.001"/>
  <testcase name="testNumberOfDaysInYear_InvalidYear" classname="aboodZaidLibrary.TestClsDate" time="0.001"/>
  <testcase name="testAddDays_Zero" classname="aboodZaidLibrary.TestClsDate" time="0.007"/>
  <testcase name="testNumberOfSecondsInAMonth_InvalidYear" classname="aboodZaidLibrary.TestClsDate" time="0.001"/>
  <testcase name="testNumberOfMinutesInAMonth_InvalidMonth" classname="aboodZaidLibrary.TestClsDate" time="0.001"/>
  <testcase name="testGetSystemDateTimeString" classname="aboodZaidLibrary.TestClsDate" time="0.004"/>
  <testcase name="testClsDateConstructor_String_InvalidLeapYearFeb29" classname="aboodZaidLibrary.TestClsDate" time="0.001"/>
  <testcase name="testNumberOfDaysInAYear_InstanceMethod" classname="aboodZaidLibrary.TestClsDate" time="0.001"/>
  <testcase name="testIsDate1BeforeDate2_SameYear_Date1MonthGreater" classname="aboodZaidLibrary.TestClsDate" time="0.001"/>
  <testcase name="testIsDate1EqualDate2_SameYear_DifferentMonth" classname="aboodZaidLibrary.TestClsDate" time="0.005"/>
  <testcase name="testMonthShortName" classname="aboodZaidLibrary.TestClsDate" time="0.001"/>
  <testcase name="testIsLeapYear_LeapYears" classname="aboodZaidLibrary.TestClsDate" time="0.001"/>
  <testcase name="testDayOfWeekOrder_InvalidDay" classname="aboodZaidLibrary.TestClsDate" time="0.001"/>
  <testcase name="testGetDifferenceInDays_SameDate" classname="aboodZaidLibrary.TestClsDate" time="0.004"/>
  <testcase name="testAddDays_ExactlyEndOfMonth" classname="aboodZaidLibrary.TestClsDate" time="0.0"/>
  <testcase name="testClsDateConstructor_DayMonthYear_InvalidMonth" classname="aboodZaidLibrary.TestClsDate" time="0.006"/>
  <testcase name="testIsDateBeforeDate2_InstanceMethod_False" classname="aboodZaidLibrary.TestClsDate" time="0.001"/>
  <testcase name="testDayShortName_DayMonthYear_InvalidMonth" classname="aboodZaidLibrary.TestClsDate" time="0.002"/>
  <testcase name="testNumberOfMinutesInAMonth_LeapYear" classname="aboodZaidLibrary.TestClsDate" time="0.004"/>
  <testcase name="testClsDateConstructor_DayMonthYear_InvalidYear" classname="aboodZaidLibrary.TestClsDate" time="0.001"/>
  <testcase name="testNumberOfDaysInAYear_LeapYear" classname="aboodZaidLibrary.TestClsDate" time="0.0"/>
  <testcase name="testGetDifferenceInDays_DifferenceInDays_date2before" classname="aboodZaidLibrary.TestClsDate" time="0.0"/>
  <testcase name="testGetDifferenceInDays_DifferenceInYears_date1before_NonLeapYear" classname="aboodZaidLibrary.TestClsDate" time="0.001"/>
  <testcase name="testDayOfWeekOrder_InstanceMethod" classname="aboodZaidLibrary.TestClsDate" time="0.0"/>
  <testcase name="testPrintYearCalendar_InvalidYear" classname="aboodZaidLibrary.TestClsDate" time="0.002"/>
  <testcase name="testNumberOfSecondsInAYear_InstanceMethod" classname="aboodZaidLibrary.TestClsDate" time="0.0"/>
  <testcase name="testDateToString_Static" classname="aboodZaidLibrary.TestClsDate" time="0.0"/>
  <testcase name="testIsDateEqualDate2_InstanceMethod_True" classname="aboodZaidLibrary.TestClsDate" time="0.001"/>
  <testcase name="testAddDays_WrapsToNextYear" classname="aboodZaidLibrary.TestClsDate" time="0.001"/>
  <testcase name="testNumberOfDaysInAMonth_NonLeapYear" classname="aboodZaidLibrary.TestClsDate" time="0.001"/>
  <testcase name="testSetMonth_InvalidMonth" classname="aboodZaidLibrary.TestClsDate" time="0.002"/>
  <testcase name="testDateToString" classname="aboodZaidLibrary.TestClsDate" time="0.001"/>
  <testcase name="testDayShortName_DayMonthYear_InvalidDay" classname="aboodZaidLibrary.TestClsDate" time="0.001"/>
  <testcase name="testDaysFromTheBeginningOfTheYear_InvalidMonth" classname="aboodZaidLibrary.TestClsDate" time="0.002"/>
  <testcase name="testClsDateConstructor_String_InvalidMonth" classname="aboodZaidLibrary.TestClsDate" time="0.002"/>
  <testcase name="testNumberOfDaysInAMonth_NotFebruary" classname="aboodZaidLibrary.TestClsDate" time="0.0"/>
  <testcase name="testClsDateConstructor_String_ValidDate" classname="aboodZaidLibrary.TestClsDate" time="0.0"/>
  <testcase name="testNumberOfSecondsInAMonth_NonLeapYear" classname="aboodZaidLibrary.TestClsDate" time="0.001"/>
  <testcase name="testNumberOfDaysInAMonth_InstanceMethod" classname="aboodZaidLibrary.TestClsDate" time="0.001"/>
  <testcase name="testMonthShortName_InvalidInput" classname="aboodZaidLibrary.TestClsDate" time="0.001"/>
</testsuite>