<?xml version="1.0" encoding="UTF-8"?>
<testsuite xmlns:xsi="http://www.w3.org/2001/XMLSchema-instance" xsi:noNamespaceSchemaLocation="https://maven.apache.org/surefire/maven-surefire-plugin/xsd/surefire-test-report.xsd" name="aboodZaidLibrary.TestClsInputValidate" time="0.022" tests="8" errors="0" skipped="0" failures="0">
  <properties>
[...]
</properties>
  <testcase name="testReadChar_ValidChar" classname="aboodZaidLibrary.TestClsInputValidate" time="0"/>
  <testcase name="testReadString" classname="aboodZaidLibrary.TestClsInputValidate" time="0"/>
  <testcase name="testReadIntNumber_InvalidThenValidInput" classname="aboodZaidLibrary.TestClsInputValidate" time="0"/>
  <testcase name="testReadIntNumberBetween_WithErrorMessages" classname="aboodZaidLibrary.TestClsInputValidate" time="0"/>
  <testcase name="testReadChar_EmptyInput" classname="aboodZaidLibrary.TestClsInputValidate" time="0"/>
  <testcase name="testReadIntNumberBetween_ValidInput" classname="aboodZaidLibrary.TestClsInputValidate" time="0"/>
  <testcase name="testReadIntNumberBetween_OutOfRangeThenValid" classname="aboodZaidLibrary.TestClsInputValidate" time="0"/>
  <testcase name="testReadIntNumber_ValidInput" classname="aboodZaidLibrary.TestClsInputValidate" time="0"/>
</testsuite>