<?xml version="1.0" encoding="UTF-8"?>
<testsuite xmlns:xsi="http://www.w3.org/2001/XMLSchema-instance" xsi:noNamespaceSchemaLocation="https://maven.apache.org/surefire/maven-surefire-plugin/xsd/surefire-test-report-3.0.xsd" version="3.0" name="aboodZaidLibrary.TestClsAdminBooksMenuScreen" time="0.071" tests="10" errors="0" skipped="0" failures="4">
  <properties>
    <property name="java.specification.version" value="25"/>
    <property name="sun.cpu.isalist" value="amd64"/>
    <property name="sun.jnu.encoding" value="Cp1252"/>
    <property name="java.class.path" value="C:\Users\abood\Github\library-project\target\test-classes;C:\Users\abood\Github\library-project\target\classes;C:\Users\abood\.m2\repository\org\junit\jupiter\junit-jupiter\5.10.0\junit-jupiter-5.10.0.jar;C:\Users\abood\.m2\repository\org\junit\jupiter\junit-jupiter-api\5.10.0\junit-jupiter-api-5.10.0.jar;C:\Users\abood\.m2\repository\org\opentest4j\opentest4j\1.3.0\opentest4j-1.3.0.jar;C:\Users\abood\.m2\repository\org\junit\platform\junit-platform-commons\1.10.0\junit-platform-commons-1.10.0.jar;C:\Users\abood\.m2\repository\org\apiguardian\apiguardian-api\1.1.2\apiguardian-api-1.1.2.jar;C:\Users\abood\.m2\repository\org\junit\jupiter\junit-jupiter-params\5.10.0\junit-jupiter-params-5.10.0.jar;C:\Users\abood\.m2\repository\org\junit\jupiter\junit-jupiter-engine\5.10.0\junit-jupiter-engine-5.10.0.jar;C:\Users\abood\.m2\repository\org\junit\platform\junit-platform-engine\1.10.0\junit-platform-engine-1.10.0.jar;C:\Users\abood\.m2\repository\com\sun\mail\jakarta.mail\2.0.1\jakarta.mail-2.0.1.jar;C:\Users\abood\.m2\repository\com\sun\activation\jakarta.activation\2.0.1\jakarta.activation-2.0.1.jar;C:\Users\abood\.m2\repository\org\mockito\mockito-core\4.11.0\mockito-core-4.11.0.jar;C:\Users\abood\.m2\repository\net\bytebuddy\byte-buddy\1.12.19\byte-buddy-1.12.19.jar;C:\Users\abood\.m2\repository\net\bytebuddy\byte-buddy-agent\1.12.19\byte-buddy-agent-1.12.19.jar;C:\Users\abood\.m2\repository\org\objenesis\objenesis\3.3\objenesis-3.3.jar;C:\Users\abood\.m2\repository\org\mockito\mockito-inline\4.11.0\mockito-inline-4.11.0.jar;"/>
    <property name="java.vm.vendor" value="Oracle Corporation"/>
    <property name="sun.arch.data.model" value="64"/>
    <property name="user.variant" value=""/>
    <property name="java.vendor.url" value="https://java.oracle.com/"/>
    <property name="user.timezone" value="Asia/Hebron"/>
    <property name="os.name" value="Windows 11"/>
    <property name="java.vm.specification.version" value="25"/>
    <property name="sun.java.launcher" value="SUN_STANDARD"/>
    <property name="user.country" value="US"/>
    <property name="sun.boot.library.path" value="C:\Program Files\Java\jdk-25\bin"/>
    <property name="sun.java.command" value="C:\Users\abood\AppData\Local\Temp\surefire13854533374455200203\surefirebooter-20251205155430744_3.jar C:\Users\abood\AppData\Local\Temp\surefire13854533374455200203 2025-12-05T15-54-17_522-jvmRun1 surefire-20251205155430744_1tmp surefire_0-20251205155430744_2tmp"/>
    <property name="jdk.debug" value="release"/>
    <property name="surefire.test.class.path" value="C:\Users\abood\Github\library-project\target\test-classes;C:\Users\abood\Github\library-project\target\classes;C:\Users\abood\.m2\repository\org\junit\jupiter\junit-jupiter\5.10.0\junit-jupiter-5.10.0.jar;C:\Users\abood\.m2\repository\org\junit\jupiter\junit-jupiter-api\5.10.0\junit-jupiter-api-5.10.0.jar;C:\Users\abood\.m2\repository\org\opentest4j\opentest4j\1.3.0\opentest4j-1.3.0.jar;C:\Users\abood\.m2\repository\org\junit\platform\junit-platform-commons\1.10.0\junit-platform-commons-1.10.0.jar;C:\Users\abood\.m2\repository\org\apiguardian\apiguardian-api\1.1.2\apiguardian-api-1.1.2.jar;C:\Users\abood\.m2\repository\org\junit\jupiter\junit-jupiter-params\5.10.0\junit-jupiter-params-5.10.0.jar;C:\Users\abood\.m2\repository\org\junit\jupiter\junit-jupiter-engine\5.10.0\junit-jupiter-engine-5.10.0.jar;C:\Users\abood\.m2\repository\org\junit\platform\junit-platform-engine\1.10.0\junit-platform-engine-1.10.0.jar;C:\Users\abood\.m2\repository\com\sun\mail\jakarta.mail\2.0.1\jakarta.mail-2.0.1.jar;C:\Users\abood\.m2\repository\com\sun\activation\jakarta.activation\2.0.1\jakarta.activation-2.0.1.jar;C:\Users\abood\.m2\repository\org\mockito\mockito-core\4.11.0\mockito-core-4.11.0.jar;C:\Users\abood\.m2\repository\net\bytebuddy\byte-buddy\1.12.19\byte-buddy-1.12.19.jar;C:\Users\abood\.m2\repository\net\bytebuddy\byte-buddy-agent\1.12.19\byte-buddy-agent-1.12.19.jar;C:\Users\abood\.m2\repository\org\objenesis\objenesis\3.3\objenesis-3.3.jar;C:\Users\abood\.m2\repository\org\mockito\mockito-inline\4.11.0\mockito-inline-4.11.0.jar;"/>
    <property name="sun.cpu.endian" value="little"/>
    <property name="user.home" value="C:\Users\abood"/>
    <property name="user.language" value="en"/>
    <property name="java.specification.vendor" value="Oracle Corporation"/>
    <property name="java.version.date" value="2025-09-16"/>
    <property name="java.home" value="C:\Program Files\Java\jdk-25"/>
    <property name="file.separator" value="\"/>
    <property name="basedir" value="C:\Users\abood\Github\library-project"/>
    <property name="java.vm.compressedOopsMode" value="Zero based"/>
    <property name="line.separator" value="&#10;"/>
    <property name="java.vm.specification.vendor" value="Oracle Corporation"/>
    <property name="java.specification.name" value="Java Platform API Specification"/>
    <property name="surefire.real.class.path" value="C:\Users\abood\AppData\Local\Temp\surefire13854533374455200203\surefirebooter-20251205155430744_3.jar"/>
    <property name="user.script" value=""/>
    <property name="sun.management.compiler" value="HotSpot 64-Bit Tiered Compilers"/>
    <property name="java.runtime.version" value="25+37-LTS-3491"/>
    <property name="user.name" value="abood"/>
    <property name="stdout.encoding" value="Cp1252"/>
    <property name="path.separator" value=";"/>
    <property name="os.version" value="10.0"/>
    <property name="java.runtime.name" value="Java(TM) SE Runtime Environment"/>
    <property name="file.encoding" value="UTF-8"/>
    <property name="java.vm.name" value="Java HotSpot(TM) 64-Bit Server VM"/>
    <property name="localRepository" value="C:\Users\abood\.m2\repository"/>
    <property name="java.vendor.url.bug" value="https://bugreport.java.com/bugreport/"/>
    <property name="java.io.tmpdir" value="C:\Users\abood\AppData\Local\Temp\"/>
    <property name="java.version" value="25"/>
    <property name="user.dir" value="C:\Users\abood\Github\library-project"/>
    <property name="os.arch" value="amd64"/>
    <property name="java.vm.specification.name" value="Java Virtual Machine Specification"/>
    <property name="sun.os.patch.level" value=""/>
    <property name="native.encoding" value="Cp1252"/>
    <property name="java.library.path" value="C:\Program Files\Java\jdk-25\bin;C:\WINDOWS\Sun\Java\bin;C:\WINDOWS\system32;C:\WINDOWS;C:\Program Files\Common Files\Oracle\Java\javapath;C:\WINDOWS\system32;C:\WINDOWS;C:\WINDOWS\System32\Wbem;C:\WINDOWS\System32\WindowsPowerShell\v1.0\;C:\WINDOWS\System32\OpenSSH\;C:\Program Files\nodejs\;C:\Program Files\Git\cmd;C:\Program Files (x86)\Windows Kits\10\Windows Performance Toolkit\;C:\Program Files\dotnet\;C:\Program Files\Microsoft SQL Server\150\Tools\Binn\;C:\Program Files\apache-maven-3.9.11\bin;C:\Users\abood\AppData\Local\Programs\Python\Launcher\;C:\Users\abood\AppData\Local\Microsoft\WindowsApps;C:\Users\abood\AppData\Local\Programs\Microsoft VS Code\bin;C:\Users\abood\AppData\Roaming\npm;C:\php-8.4.6;C:\Users\abood\.dotnet\tools;."/>
    <property name="java.vm.info" value="mixed mode, sharing"/>
    <property name="stderr.encoding" value="Cp1252"/>
    <property name="java.vendor" value="Oracle Corporation"/>
    <property name="java.vm.version" value="25+37-LTS-3491"/>
    <property name="stdin.encoding" value="Cp1252"/>
    <property name="sun.io.unicode.encoding" value="UnicodeLittle"/>
    <property name="java.class.version" value="69.0"/>
  </properties>
  <testcase name="test_ShowDeleteBookScreen_NoExceptions" classname="aboodZaidLibrary.TestClsAdminBooksMenuScreen" time="0.016">
    <failure message="Unexpected exception thrown: java.lang.RuntimeException: java.lang.reflect.InvocationTargetException" type="org.opentest4j.AssertionFailedError"><![CDATA[org.opentest4j.AssertionFailedError: Unexpected exception thrown: java.lang.RuntimeException: java.lang.reflect.InvocationTargetException
	at org.junit.jupiter.api.AssertionFailureBuilder.build(AssertionFailureBuilder.java:152)
	at org.junit.jupiter.api.AssertDoesNotThrow.createAssertionFailedError(AssertDoesNotThrow.java:84)
	at org.junit.jupiter.api.AssertDoesNotThrow.assertDoesNotThrow(AssertDoesNotThrow.java:53)
	at org.junit.jupiter.api.AssertDoesNotThrow.assertDoesNotThrow(AssertDoesNotThrow.java:36)
	at org.junit.jupiter.api.Assertions.assertDoesNotThrow(Assertions.java:3164)
	at aboodZaidLibrary.TestClsAdminBooksMenuScreen.test_ShowDeleteBookScreen_NoExceptions(TestClsAdminBooksMenuScreen.java:128)
	at java.base/java.lang.reflect.Method.invoke(Method.java:565)
	at java.base/java.util.ArrayList.forEach(ArrayList.java:1604)
	at java.base/java.util.ArrayList.forEach(ArrayList.java:1604)
Caused by: java.lang.RuntimeException: java.lang.reflect.InvocationTargetException
	at aboodZaidLibrary.TestClsAdminBooksMenuScreen.lambda$test_ShowDeleteBookScreen_NoExceptions$0(TestClsAdminBooksMenuScreen.java:132)
	at org.junit.jupiter.api.AssertDoesNotThrow.assertDoesNotThrow(AssertDoesNotThrow.java:49)
	... 6 more
Caused by: java.lang.reflect.InvocationTargetException
	at java.base/jdk.internal.reflect.DirectMethodHandleAccessor.invoke(DirectMethodHandleAccessor.java:116)
	at java.base/java.lang.reflect.Method.invoke(Method.java:565)
	at aboodZaidLibrary.TestClsAdminBooksMenuScreen.lambda$test_ShowDeleteBookScreen_NoExceptions$0(TestClsAdminBooksMenuScreen.java:130)
	... 7 more
Caused by: java.lang.NullPointerException: Cannot invoke "aboodZaidLibrary.clsUser.checkAccessPermission(aboodZaidLibrary.clsUser$enPermissions)" because "aboodZaidLibrary.clsUserSession.currentUser" is null
	at aboodZaidLibrary.clsScreen.CheckAccessRights(clsScreen.java:30)
	at aboodZaidLibrary.clsDeleteBookScreen.showDeleteBookScreen(clsDeleteBookScreen.java:13)
	at aboodZaidLibrary.clsAdminBooksMenuScreen._ShowDeleteBookScreen(clsAdminBooksMenuScreen.java:48)
	at java.base/jdk.internal.reflect.DirectMethodHandleAccessor.invoke(DirectMethodHandleAccessor.java:104)
	... 9 more
]]></failure>
  </testcase>
  <testcase name="test_ReadBooksMenuOption_ReturnsAddBook" classname="aboodZaidLibrary.TestClsAdminBooksMenuScreen" time="0.002"/>
  <testcase name="test_ReadBooksMenuOption_ReturnsFindBook" classname="aboodZaidLibrary.TestClsAdminBooksMenuScreen" time="0.001"/>
  <testcase name="test_ShowAddBookScreen_NoExceptions" classname="aboodZaidLibrary.TestClsAdminBooksMenuScreen" time="0.004">
    <failure message="Unexpected exception thrown: java.lang.RuntimeException: java.lang.reflect.InvocationTargetException" type="org.opentest4j.AssertionFailedError"><![CDATA[org.opentest4j.AssertionFailedError: Unexpected exception thrown: java.lang.RuntimeException: java.lang.reflect.InvocationTargetException
	at org.junit.jupiter.api.AssertionFailureBuilder.build(AssertionFailureBuilder.java:152)
	at org.junit.jupiter.api.AssertDoesNotThrow.createAssertionFailedError(AssertDoesNotThrow.java:84)
	at org.junit.jupiter.api.AssertDoesNotThrow.assertDoesNotThrow(AssertDoesNotThrow.java:53)
	at org.junit.jupiter.api.AssertDoesNotThrow.assertDoesNotThrow(AssertDoesNotThrow.java:36)
	at org.junit.jupiter.api.Assertions.assertDoesNotThrow(Assertions.java:3164)
	at aboodZaidLibrary.TestClsAdminBooksMenuScreen.test_ShowAddBookScreen_NoExceptions(TestClsAdminBooksMenuScreen.java:113)
	at java.base/java.lang.reflect.Method.invoke(Method.java:565)
	at java.base/java.util.ArrayList.forEach(ArrayList.java:1604)
	at java.base/java.util.ArrayList.forEach(ArrayList.java:1604)
Caused by: java.lang.RuntimeException: java.lang.reflect.InvocationTargetException
	at aboodZaidLibrary.TestClsAdminBooksMenuScreen.lambda$test_ShowAddBookScreen_NoExceptions$0(TestClsAdminBooksMenuScreen.java:117)
	at org.junit.jupiter.api.AssertDoesNotThrow.assertDoesNotThrow(AssertDoesNotThrow.java:49)
	... 6 more
Caused by: java.lang.reflect.InvocationTargetException
	at java.base/jdk.internal.reflect.DirectMethodHandleAccessor.invoke(DirectMethodHandleAccessor.java:116)
	at java.base/java.lang.reflect.Method.invoke(Method.java:565)
	at aboodZaidLibrary.TestClsAdminBooksMenuScreen.lambda$test_ShowAddBookScreen_NoExceptions$0(TestClsAdminBooksMenuScreen.java:115)
	... 7 more
Caused by: java.lang.NullPointerException: Cannot invoke "aboodZaidLibrary.clsUser.isEmpty()" because "aboodZaidLibrary.clsUserSession.currentUser" is null
	at aboodZaidLibrary.clsScreen._DrawScreenHeader(clsScreen.java:18)
	at aboodZaidLibrary.clsScreen._DrawScreenHeader(clsScreen.java:27)
	at aboodZaidLibrary.clsAddNewBookScreen.showAddNewBookScreen(clsAddNewBookScreen.java:56)
	at aboodZaidLibrary.clsAdminBooksMenuScreen._ShowAddBookScreen(clsAdminBooksMenuScreen.java:45)
	at java.base/jdk.internal.reflect.DirectMethodHandleAccessor.invoke(DirectMethodHandleAccessor.java:104)
	... 9 more
]]></failure>
  </testcase>
  <testcase name="test_ReadBooksMenuOption_ReturnsBackToMainMenu" classname="aboodZaidLibrary.TestClsAdminBooksMenuScreen" time="0.007"/>
  <testcase name="test_ReadBooksMenuOption_ReturnsBooksList" classname="aboodZaidLibrary.TestClsAdminBooksMenuScreen" time="0.002"/>
  <testcase name="test_showBooksMenu_PrintsMenu" classname="aboodZaidLibrary.TestClsAdminBooksMenuScreen" time="0.004">
    <failure message="expected: &lt;true&gt; but was: &lt;false&gt;" type="org.opentest4j.AssertionFailedError"><![CDATA[org.opentest4j.AssertionFailedError: expected: <true> but was: <false>
	at org.junit.jupiter.api.AssertionFailureBuilder.build(AssertionFailureBuilder.java:151)
	at org.junit.jupiter.api.AssertionFailureBuilder.buildAndThrow(AssertionFailureBuilder.java:132)
	at org.junit.jupiter.api.AssertTrue.failNotTrue(AssertTrue.java:63)
	at org.junit.jupiter.api.AssertTrue.assertTrue(AssertTrue.java:36)
	at org.junit.jupiter.api.AssertTrue.assertTrue(AssertTrue.java:31)
	at org.junit.jupiter.api.Assertions.assertTrue(Assertions.java:179)
	at aboodZaidLibrary.TestClsAdminBooksMenuScreen.test_showBooksMenu_PrintsMenu(TestClsAdminBooksMenuScreen.java:177)
	at java.base/java.lang.reflect.Method.invoke(Method.java:565)
	at java.base/java.util.ArrayList.forEach(ArrayList.java:1604)
	at java.base/java.util.ArrayList.forEach(ArrayList.java:1604)
]]></failure>
  </testcase>
  <testcase name="test_ReadBooksMenuOption_ReturnsDeleteBook" classname="aboodZaidLibrary.TestClsAdminBooksMenuScreen" time="0.001"/>
  <testcase name="test_GoBackToBooksMenu_PrintsMessage" classname="aboodZaidLibrary.TestClsAdminBooksMenuScreen" time="0.002"/>
  <testcase name="test_ShowBooksListScreen_NoExceptions" classname="aboodZaidLibrary.TestClsAdminBooksMenuScreen" time="0.013">
    <failure message="Unexpected exception thrown: java.lang.RuntimeException: java.lang.reflect.InvocationTargetException" type="org.opentest4j.AssertionFailedError"><![CDATA[org.opentest4j.AssertionFailedError: Unexpected exception thrown: java.lang.RuntimeException: java.lang.reflect.InvocationTargetException
	at org.junit.jupiter.api.AssertionFailureBuilder.build(AssertionFailureBuilder.java:152)
	at org.junit.jupiter.api.AssertDoesNotThrow.createAssertionFailedError(AssertDoesNotThrow.java:84)
	at org.junit.jupiter.api.AssertDoesNotThrow.assertDoesNotThrow(AssertDoesNotThrow.java:53)
	at org.junit.jupiter.api.AssertDoesNotThrow.assertDoesNotThrow(AssertDoesNotThrow.java:36)
	at org.junit.jupiter.api.Assertions.assertDoesNotThrow(Assertions.java:3164)
	at aboodZaidLibrary.TestClsAdminBooksMenuScreen.test_ShowBooksListScreen_NoExceptions(TestClsAdminBooksMenuScreen.java:96)
	at java.base/java.lang.reflect.Method.invoke(Method.java:565)
	at java.base/java.util.ArrayList.forEach(ArrayList.java:1604)
	at java.base/java.util.ArrayList.forEach(ArrayList.java:1604)
Caused by: java.lang.RuntimeException: java.lang.reflect.InvocationTargetException
	at aboodZaidLibrary.TestClsAdminBooksMenuScreen.lambda$test_ShowBooksListScreen_NoExceptions$0(TestClsAdminBooksMenuScreen.java:100)
	at org.junit.jupiter.api.AssertDoesNotThrow.assertDoesNotThrow(AssertDoesNotThrow.java:49)
	... 6 more
Caused by: java.lang.reflect.InvocationTargetException
	at java.base/jdk.internal.reflect.DirectMethodHandleAccessor.invoke(DirectMethodHandleAccessor.java:116)
	at java.base/java.lang.reflect.Method.invoke(Method.java:565)
	at aboodZaidLibrary.TestClsAdminBooksMenuScreen.lambda$test_ShowBooksListScreen_NoExceptions$0(TestClsAdminBooksMenuScreen.java:98)
	... 7 more
Caused by: java.lang.NullPointerException: Cannot invoke "aboodZaidLibrary.clsUser.isEmpty()" because "aboodZaidLibrary.clsUserSession.currentUser" is null
	at aboodZaidLibrary.clsScreen._DrawScreenHeader(clsScreen.java:18)
	at aboodZaidLibrary.clsBooksListScreen.showBooksListScreen(clsBooksListScreen.java:21)
	at aboodZaidLibrary.clsAdminBooksMenuScreen._ShowBooksListScreen(clsAdminBooksMenuScreen.java:39)
	at java.base/jdk.internal.reflect.DirectMethodHandleAccessor.invoke(DirectMethodHandleAccessor.java:104)
	... 9 more
]]></failure>
  </testcase>
</testsuite>