<?xml version="1.0" encoding="UTF-8"?>
<testsuite xmlns:xsi="http://www.w3.org/2001/XMLSchema-instance" xsi:noNamespaceSchemaLocation="https://maven.apache.org/surefire/maven-surefire-plugin/xsd/surefire-test-report.xsd" name="aboodZaidLibrary.TestClsDate" time="2.495" tests="254" errors="0" skipped="0" failures="0">
  <properties>
[...]
</properties>
  <testcase name="testIsLeapYear_InstanceMethod" classname="aboodZaidLibrary.TestClsDate" time="0"/>
  <testcase name="testMonthShortName_InvalidMonth_GreaterThan12" classname="aboodZaidLibrary.TestClsDate" time="0"/>
  <testcase name="testGetSystemDate" classname="aboodZaidLibrary.TestClsDate" time="0.001"/>
  <testcase name="testDayShortName_DayMonthYear_InvalidDay_LessThan1" classname="aboodZaidLibrary.TestClsDate" time="0"/>
  <testcase name="testGetDateFromDayOrderInYear_Day366LeapYear" classname="aboodZaidLibrary.TestClsDate" time="0"/>
  <testcase name="testNumberOfDaysInAMonth_FebruaryNonLeapYear" classname="aboodZaidLibrary.TestClsDate" time="0"/>
  <testcase name="testClsDateConstructor_String_LeapYearFeb29" classname="aboodZaidLibrary.TestClsDate" time="0.009"/>
  <testcase name="testIsLeapYear_DivisibleBy4ButNot100" classname="aboodZaidLibrary.TestClsDate" time="0"/>
  <testcase name="testDayOfWeekOrder_March" classname="aboodZaidLibrary.TestClsDate" time="0"/>
  <testcase name="testIsDate1BeforeDate2_Date1YearGreater" classname="aboodZaidLibrary.TestClsDate" time="0"/>
  <testcase name="testDate1BeforeDate2_DayDifferenceTrue" classname="aboodZaidLibrary.TestClsDate" time="0.004"/>
  <testcase name="testPrintMonthCalendar_InvalidMonth_GreaterThan12" classname="aboodZaidLibrary.TestClsDate" time="0.002"/>
  <testcase name="testIsDate1BeforeDate2_SameYearAndMonth_Date1DayGreater" classname="aboodZaidLibrary.TestClsDate" time="0.002"/>
  <testcase name="testNumberOfHoursInAYear_NoneLeapYear" classname="aboodZaidLibrary.TestClsDate" time="0.002"/>
  <testcase name="testSetDay_BoundaryMaxDay" classname="aboodZaidLibrary.TestClsDate" time="0.002"/>
  <testcase name="testSetDay_BoundaryMinDay" classname="aboodZaidLibrary.TestClsDate" time="0.005"/>
  <testcase name="testInstanceMethod_IsDateBeforeDate2_False" classname="aboodZaidLibrary.TestClsDate" time="0.002"/>
  <testcase name="testGetDateFromDayOrderInYear_FirstDayOfYear" classname="aboodZaidLibrary.TestClsDate" time="0.002"/>
  <testcase name="testNumberOfHoursInAMonth_InvalidYear" classname="aboodZaidLibrary.TestClsDate" time="0.002"/>
  <testcase name="testGetDifferenceInDays_InstanceMethod" classname="aboodZaidLibrary.TestClsDate" time="0.001"/>
  <testcase name="testSetMonth_Boundary12" classname="aboodZaidLibrary.TestClsDate" time="0.001"/>
  <testcase name="testDayOfWeekOrder_InvalidMonth" classname="aboodZaidLibrary.TestClsDate" time="0.003"/>
  <testcase name="testAddDays_CrossingFebruaryLeap" classname="aboodZaidLibrary.TestClsDate" time="0"/>
  <testcase name="testIsDate1EqualDate2_AllFieldsEqual" classname="aboodZaidLibrary.TestClsDate" time="0.001"/>
  <testcase name="testIsLeapYear_DivisibleBy400" classname="aboodZaidLibrary.TestClsDate" time="0.006"/>
  <testcase name="testAddDays_EndOfYear" classname="aboodZaidLibrary.TestClsDate" time="0.001"/>
  <testcase name="testNumberOfMinutesInAYear" classname="aboodZaidLibrary.TestClsDate" time="0.002"/>
  <testcase name="testDayShortName_DayMonthYear_InvalidMonth_GreaterThan12" classname="aboodZaidLibrary.TestClsDate" time="0.002"/>
  <testcase name="testNumberOfHoursInAMonth_InvalidMonth" classname="aboodZaidLibrary.TestClsDate" time="0.001"/>
  <testcase name="testIsDate1BeforeDate2_YearEqual_MonthLess_DayGreater" classname="aboodZaidLibrary.TestClsDate" time="0.001"/>
  <testcase name="testClsDateConstructor_IntParams_InvalidYear_Negative" classname="aboodZaidLibrary.TestClsDate" time="0.013"/>
  <testcase name="testDayShortName_DayMonthYear_InvalidMonth_LessThan1" classname="aboodZaidLibrary.TestClsDate" time="0.001"/>
  <testcase name="testIsDate1BeforeDate2_YearEqual_MonthEqual_DayLess" classname="aboodZaidLibrary.TestClsDate" time="0.001"/>
  <testcase name="testDayOfWeekOrder_InvalidDay_GreaterThanMax" classname="aboodZaidLibrary.TestClsDate" time="0.001"/>
  <testcase name="testGetDateFromDayOrderInYear_LeapYear" classname="aboodZaidLibrary.TestClsDate" time="0.001"/>
  <testcase name="testGetDifferenceInDays_DifferenceInYears_date2before_LeapYear" classname="aboodZaidLibrary.TestClsDate" time="0.004"/>
  <testcase name="testDaysFromTheBeginningOfTheYear_InvalidDay_Feb30NonLeap" classname="aboodZaidLibrary.TestClsDate" time="0.001"/>
  <testcase name="testIsLeapYear_DivisibleBy100ButNot400" classname="aboodZaidLibrary.TestClsDate" time="0.001"/>
  <testcase name="testDayShortName_DayOfWeekOrder_GreaterThan6" classname="aboodZaidLibrary.TestClsDate" time="0.008"/>
  <testcase name="testGetDifferenceInDays_OneDayDifference" classname="aboodZaidLibrary.TestClsDate" time="0.001"/>
  <testcase name="testClsDateConstructor_CopyConstructor" classname="aboodZaidLibrary.TestClsDate" time="0"/>
  <testcase name="testDayShortName_DayOfWeekOrder" classname="aboodZaidLibrary.TestClsDate" time="0"/>
  <testcase name="testNumberOfDaysInAMonth_InvalidMonth_LessThan1" classname="aboodZaidLibrary.TestClsDate" time="0.001"/>
  <testcase name="testClsDateConstructor_String_InvalidDay_LessThan1" classname="aboodZaidLibrary.TestClsDate" time="0.001"/>
  <testcase name="testNumberOfSecondsInAMonth_InvalidMonth" classname="aboodZaidLibrary.TestClsDate" time="0.003"/>
  <testcase name="testNumberOfHoursInAYear_LeapYear" classname="aboodZaidLibrary.TestClsDate" time="0.001"/>
  <testcase name="testDaysFromTheBeginningOfTheYear_MidYear" classname="aboodZaidLibrary.TestClsDate" time="0.001"/>
  <testcase name="testClsDateConstructor_IntParams_InvalidMonth_GreaterThan12" classname="aboodZaidLibrary.TestClsDate" time="0.002"/>
  <testcase name="testIsLeapYear_InValidYear" classname="aboodZaidLibrary.TestClsDate" time="0.001"/>
  <testcase name="testDaysFromTheBeginningOfTheYear_LastDayOfMonth" classname="aboodZaidLibrary.TestClsDate" time="0.001"/>
  <testcase name="testNumberOfSecondsInAYear_InvalidInput" classname="aboodZaidLibrary.TestClsDate" time="0.002"/>
  <testcase name="testIsDate1EqualDate2_DifferentYear" classname="aboodZaidLibrary.TestClsDate" time="0.002"/>
  <testcase name="testNumberOfMinutesInAYear_InValidInput" classname="aboodZaidLibrary.TestClsDate" time="0.007"/>
  <testcase name="testNumberOfSecondsInAYear_InvalidYear_Zero" classname="aboodZaidLibrary.TestClsDate" time="0.004"/>
  <testcase name="testAddDays_DayInTheMiddleOfTheMonth" classname="aboodZaidLibrary.TestClsDate" time="0"/>
  <testcase name="testCopyConstructor_AllFields" classname="aboodZaidLibrary.TestClsDate" time="0.001"/>
  <testcase name="testAddDays_LeapYearFeb28" classname="aboodZaidLibrary.TestClsDate" time="0.001"/>
  <testcase name="testDate1BeforeDate2_MonthDifference" classname="aboodZaidLibrary.TestClsDate" time="0.001"/>
  <testcase name="testDayOfWeekOrder_InvalidYear" classname="aboodZaidLibrary.TestClsDate" time="0.002"/>
  <testcase name="testMonthShortName_InstanceMethod" classname="aboodZaidLibrary.TestClsDate" time="0.002"/>
  <testcase name="testGetDifferenceInDays_SpanningLeapYear" classname="aboodZaidLibrary.TestClsDate" time="0.004"/>
  <testcase name="testConstructor_Day1" classname="aboodZaidLibrary.TestClsDate" time="0"/>
  <testcase name="testSetDay_InvalidDay" classname="aboodZaidLibrary.TestClsDate" time="0.001"/>
  <testcase name="testDayShortName_DayMonthYear_InvalidYear_Zero" classname="aboodZaidLibrary.TestClsDate" time="0.001"/>
  <testcase name="testNumberOfDaysInAMonth_InvalidMonth_GreaterThan12" classname="aboodZaidLibrary.TestClsDate" time="0.001"/>
  <testcase name="testDaysFromTheBeginningOfTheYear_InvalidMonth_LessThan1" classname="aboodZaidLibrary.TestClsDate" time="0.001"/>
  <testcase name="testGetDateFromDayOrderInYear_LeapYearDay60" classname="aboodZaidLibrary.TestClsDate" time="0.004"/>
  <testcase name="testNumberOfSecondsInAYear_InvalidYear_Negative" classname="aboodZaidLibrary.TestClsDate" time="0.003"/>
  <testcase name="testNumberOfMinutesInAMonth_InstanceMethod" classname="aboodZaidLibrary.TestClsDate" time="0"/>
  <testcase name="testClsDateConstructor_String_InvalidDay" classname="aboodZaidLibrary.TestClsDate" time="0.001"/>
  <testcase name="testAddDays_EndOfMonth" classname="aboodZaidLibrary.TestClsDate" time="0.002"/>
  <testcase name="testInstanceMethod_GetDifferenceInDays" classname="aboodZaidLibrary.TestClsDate" time="0.001"/>
  <testcase name="testDaysFromTheBeginningOfTheYear_InvalidDay_LessThan1" classname="aboodZaidLibrary.TestClsDate" time="0.001"/>
  <testcase name="testDayShortName_DayMonthYear_InvalidYear" classname="aboodZaidLibrary.TestClsDate" time="0.008"/>
  <testcase name="testDayShortName_DayMonthYear_InvalidDay_Feb30" classname="aboodZaidLibrary.TestClsDate" time="0.015"/>
  <testcase name="testGetDifferenceInDays_DifferenceInYears_date1before_LeapYear" classname="aboodZaidLibrary.TestClsDate" time="0"/>
  <testcase name="testAddDays_NonLeapYearFeb28" classname="aboodZaidLibrary.TestClsDate" time="0.003"/>
  <testcase name="testDayOfWeekOrder_InvalidYear_Negative" classname="aboodZaidLibrary.TestClsDate" time="0.003"/>
  <testcase name="testNumberOfHoursInAYear_InstanceMethod" classname="aboodZaidLibrary.TestClsDate" time="0.001"/>
  <testcase name="testIsLeapYear_NonLeapYears" classname="aboodZaidLibrary.TestClsDate" time="0"/>
  <testcase name="testGetDifferenceInDays_Date2AfterDate1_NoSwap" classname="aboodZaidLibrary.TestClsDate" time="0.039"/>
  <testcase name="testNumberOfHoursInAMonth_NonLeapYear" classname="aboodZaidLibrary.TestClsDate" time="0.002"/>
  <testcase name="testSetYear_InvalidYear" classname="aboodZaidLibrary.TestClsDate" time="0.005"/>
  <testcase name="testIsDate1BeforeDate2_MonthAndYearSame_Date1After" classname="aboodZaidLibrary.TestClsDate" time="0.001"/>
  <testcase name="testNumberOfMinutesInAYear_InstanceMethod" classname="aboodZaidLibrary.TestClsDate" time="0.002"/>
  <testcase name="testDaysFromTheBeginningOfTheYear_InstanceMethod" classname="aboodZaidLibrary.TestClsDate" time="0.001"/>
  <testcase name="testNumberOfSecondsInAMonth_LeapYear" classname="aboodZaidLibrary.TestClsDate" time="0.022"/>
  <testcase name="testNumberOfDaysInAMonth_AllMonthsNonLeapYear" classname="aboodZaidLibrary.TestClsDate" time="0.001"/>
  <testcase name="testGetDifferenceInDays_SpanningNonLeapYear" classname="aboodZaidLibrary.TestClsDate" time="0.001"/>
  <testcase name="testDate1BeforeDate2_DayDifferenceFalse" classname="aboodZaidLibrary.TestClsDate" time="0.001"/>
  <testcase name="testNumberOfMinutesInAMonth_InvalidYear" classname="aboodZaidLibrary.TestClsDate" time="0.005"/>
  <testcase name="testNumberOfHoursInAYear_InvalidYear_Zero" classname="aboodZaidLibrary.TestClsDate" time="0.002"/>
  <testcase name="testDayShortName_DayMonthYear" classname="aboodZaidLibrary.TestClsDate" time="0.001"/>
  <testcase name="testDayShortName_AllDaysOfWeek" classname="aboodZaidLibrary.TestClsDate" time="0.001"/>
  <testcase name="testDaysFromTheBeginningOfTheYear_InvalidDay_GreaterThanMax" classname="aboodZaidLibrary.TestClsDate" time="0.003"/>
  <testcase name="testSetMonth_InvalidMonth_LessThan1" classname="aboodZaidLibrary.TestClsDate" time="0.001"/>
  <testcase name="testIsDate1EqualDate2_Date1BeforeDate2" classname="aboodZaidLibrary.TestClsDate" time="0.001"/>
  <testcase name="testPrintYearCalendar_StaticMethod" classname="aboodZaidLibrary.TestClsDate" time="1.622"/>
  <testcase name="testGetDateFromDayOrderInYear_LastDayOfYear" classname="aboodZaidLibrary.TestClsDate" time="0"/>
  <testcase name="testPrintMonthCalendar_InstanceMethod" classname="aboodZaidLibrary.TestClsDate" time="0.032"/>
  <testcase name="testInstanceMethod_IsDateBeforeDate2_True" classname="aboodZaidLibrary.TestClsDate" time="0"/>
  <testcase name="testClsDateConstructor_String_InvalidMonth_LessThan1" classname="aboodZaidLibrary.TestClsDate" time="0"/>
  <testcase name="testSetMonth_ValidMonth" classname="aboodZaidLibrary.TestClsDate" time="0"/>
  <testcase name="testNumberOfSecondsInAMonth_InstanceMethod" classname="aboodZaidLibrary.TestClsDate" time="0"/>
  <testcase name="testStringConstructor_SingleDigitMonth" classname="aboodZaidLibrary.TestClsDate" time="0"/>
  <testcase name="testClsDateConstructor_String_InvalidFormat" classname="aboodZaidLibrary.TestClsDate" time="0"/>
  <testcase name="testIsDate1EqualDate2_Date2BeforeDate1" classname="aboodZaidLibrary.TestClsDate" time="0"/>
  <testcase name="testInstanceMethod_IsDateEqualDate2_False" classname="aboodZaidLibrary.TestClsDate" time="0"/>
  <testcase name="testDate1BeforeDate2_SameDate" classname="aboodZaidLibrary.TestClsDate" time="0"/>
  <testcase name="testDaysFromTheBeginningOfTheYear_InvalidYear" classname="aboodZaidLibrary.TestClsDate" time="0"/>
  <testcase name="testDaysFromTheBeginningOfTheYear_FirstDay" classname="aboodZaidLibrary.TestClsDate" time="0.002"/>
  <testcase name="testAddDays_FromLeapYearFeb28To29" classname="aboodZaidLibrary.TestClsDate" time="0"/>
  <testcase name="testMonthShortName_InvalidMonth_LessThan1" classname="aboodZaidLibrary.TestClsDate" time="0"/>
  <testcase name="testDayOfWeekOrder_ValidInputs_AllBranchesPass" classname="aboodZaidLibrary.TestClsDate" time="0"/>
  <testcase name="testNumberOfHoursInAMonth_InstanceMethod" classname="aboodZaidLibrary.TestClsDate" time="0"/>
  <testcase name="testGetDifferenceInDays_Date1AfterDate2_Negative" classname="aboodZaidLibrary.TestClsDate" time="0"/>
  <testcase name="testMonthShortName_AllMonths" classname="aboodZaidLibrary.TestClsDate" time="0"/>
  <testcase name="testIsDateEqualDate2_InstanceMethod_False" classname="aboodZaidLibrary.TestClsDate" time="0"/>
  <testcase name="testClsDateConstructor_String_InvalidMonth_GreaterThan12" classname="aboodZaidLibrary.TestClsDate" time="0"/>
  <testcase name="testClsDateConstructor_IntParams_InvalidDay_GreaterThanMax" classname="aboodZaidLibrary.TestClsDate" time="0"/>
  <testcase name="testDayOfWeekOrder_February" classname="aboodZaidLibrary.TestClsDate" time="0"/>
  <testcase name="testConstructor_Month1" classname="aboodZaidLibrary.TestClsDate" time="0"/>
  <testcase name="testDayOfWeekOrder_January" classname="aboodZaidLibrary.TestClsDate" time="0.011"/>
  <testcase name="testPrintMonthCalendar_InvalidMonth_LessThan1" classname="aboodZaidLibrary.TestClsDate" time="0"/>
  <testcase name="testNumberOfMinutesInAYear_InvalidYear_Zero" classname="aboodZaidLibrary.TestClsDate" time="0"/>
  <testcase name="testDaysFromTheBeginningOfTheYear_InvalidYear_Zero" classname="aboodZaidLibrary.TestClsDate" time="0"/>
  <testcase name="testIsLeapYear_NotDivisibleBy4" classname="aboodZaidLibrary.TestClsDate" time="0"/>
  <testcase name="testPrintMonthCalendar_InvalidYear" classname="aboodZaidLibrary.TestClsDate" time="0"/>
  <testcase name="testSetDay_February29LeapYear" classname="aboodZaidLibrary.TestClsDate" time="0"/>
  <testcase name="testGetDifferenceInDays_DifferenceInMonths_date1before" classname="aboodZaidLibrary.TestClsDate" time="0"/>
  <testcase name="testNumberOfDaysInAMonth_InvalidMonth" classname="aboodZaidLibrary.TestClsDate" time="0"/>
  <testcase name="testPrintYearCalendar_InstanceMethod" classname="aboodZaidLibrary.TestClsDate" time="0.399"/>
  <testcase name="testConstructor_Day31" classname="aboodZaidLibrary.TestClsDate" time="0"/>
  <testcase name="testAddDays_CrossingYears" classname="aboodZaidLibrary.TestClsDate" time="0"/>
  <testcase name="testConstructor_Year1" classname="aboodZaidLibrary.TestClsDate" time="0"/>
  <testcase name="testAddDays_NegativeDays" classname="aboodZaidLibrary.TestClsDate" time="0"/>
  <testcase name="testDaysFromTheBeginningOfTheYear_ValidInputs_AllBranchesPass" classname="aboodZaidLibrary.TestClsDate" time="0"/>
  <testcase name="testDate1BeforeDate2_YearDifference" classname="aboodZaidLibrary.TestClsDate" time="0"/>
  <testcase name="testNumberOfDaysInAMonth_Month12" classname="aboodZaidLibrary.TestClsDate" time="0"/>
  <testcase name="testNumberOfMinutesInAMonth_NonLeapYear" classname="aboodZaidLibrary.TestClsDate" time="0"/>
  <testcase name="testNumberOfDaysInAMonth_Month1" classname="aboodZaidLibrary.TestClsDate" time="0"/>
  <testcase name="testNumberOfDaysInAMonth_Month3" classname="aboodZaidLibrary.TestClsDate" time="0"/>
  <testcase name="testNumberOfDaysInAMonth_Month4" classname="aboodZaidLibrary.TestClsDate" time="0"/>
  <testcase name="testGetDifferenceInDays_Date1AfterDate2_SwapFlagActivated" classname="aboodZaidLibrary.TestClsDate" time="0"/>
  <testcase name="testNumberOfHoursInAMonth_LeapYear" classname="aboodZaidLibrary.TestClsDate" time="0"/>
  <testcase name="testNumberOfSecondsInAYear" classname="aboodZaidLibrary.TestClsDate" time="0"/>
  <testcase name="testClsDateConstructor_IntParams_InvalidDay_LessThan1" classname="aboodZaidLibrary.TestClsDate" time="0"/>
  <testcase name="testClsDateConstructor_DayMonthYear_InvalidLeapYearFeb29" classname="aboodZaidLibrary.TestClsDate" time="0"/>
  <testcase name="testDaysFromTheBeginningOfTheYear_InvalidDay" classname="aboodZaidLibrary.TestClsDate" time="0"/>
  <testcase name="testPrintMonthCalendar_InvalidMonth" classname="aboodZaidLibrary.TestClsDate" time="0"/>
  <testcase name="testDayShortName_InstanceMethod" classname="aboodZaidLibrary.TestClsDate" time="0"/>
  <testcase name="testClsDateConstructor_String_InvalidDay_GreaterThanMax" classname="aboodZaidLibrary.TestClsDate" time="0"/>
  <testcase name="testGetDateFromDayOrderInYear" classname="aboodZaidLibrary.TestClsDate" time="0"/>
  <testcase name="testClsDateConstructor_String_InvalidYear_Zero" classname="aboodZaidLibrary.TestClsDate" time="0"/>
  <testcase name="testDaysFromTheBeginningOfTheYear" classname="aboodZaidLibrary.TestClsDate" time="0"/>
  <testcase name="testSetMonth_InvalidMonth_GreaterThan12" classname="aboodZaidLibrary.TestClsDate" time="0"/>
  <testcase name="testDayShortName_DayOfWeekOrder_InvalidInput" classname="aboodZaidLibrary.TestClsDate" time="0"/>
  <testcase name="testDayShortName_DayMonthYear_InvalidYear_Negative" classname="aboodZaidLibrary.TestClsDate" time="0"/>
  <testcase name="testGetDateFromDayOrderInYear_CrossMultipleMonths" classname="aboodZaidLibrary.TestClsDate" time="0"/>
  <testcase name="testClsDateConstructor_DayMonthYear_InvalidDay" classname="aboodZaidLibrary.TestClsDate" time="0"/>
  <testcase name="testClsDateConstructor_String_InvalidDay_Feb30" classname="aboodZaidLibrary.TestClsDate" time="0"/>
  <testcase name="testSetYear_Boundary1" classname="aboodZaidLibrary.TestClsDate" time="0"/>
  <testcase name="testDayOfWeekOrder_InvalidMonth_LessThan1" classname="aboodZaidLibrary.TestClsDate" time="0"/>
  <testcase name="testGetDateFromDayOrderInYear_ExactlyEndOfMonth" classname="aboodZaidLibrary.TestClsDate" time="0"/>
  <testcase name="testSetYear_ValidYear" classname="aboodZaidLibrary.TestClsDate" time="0"/>
  <testcase name="testDayOfWeekOrder_December" classname="aboodZaidLibrary.TestClsDate" time="0"/>
  <testcase name="testNumberOfHoursInAYear_InvalidYear" classname="aboodZaidLibrary.TestClsDate" time="0"/>
  <testcase name="testIsDate1EqualDate2_SameYearAndMonth_DifferentDay" classname="aboodZaidLibrary.TestClsDate" time="0"/>
  <testcase name="testIsDateBeforeDate2_InstanceMethod_True" classname="aboodZaidLibrary.TestClsDate" time="0"/>
  <testcase name="testSetDay_ValidDay" classname="aboodZaidLibrary.TestClsDate" time="0"/>
  <testcase name="testAddDays_FromLeapYearFeb29ToMarch1" classname="aboodZaidLibrary.TestClsDate" time="0"/>
  <testcase name="testClsDateConstructor_String_InvalidYear" classname="aboodZaidLibrary.TestClsDate" time="0"/>
  <testcase name="testSetDay_InvalidZero" classname="aboodZaidLibrary.TestClsDate" time="0"/>
  <testcase name="testGetDifferenceInDays_EqualDates_NoLoop" classname="aboodZaidLibrary.TestClsDate" time="0"/>
  <testcase name="testIsDate1BeforeDate2_YearDifferent_MonthAndDaySame" classname="aboodZaidLibrary.TestClsDate" time="0"/>
  <testcase name="testGetDateFromDayOrderInYear_MidYear" classname="aboodZaidLibrary.TestClsDate" time="0"/>
  <testcase name="testGetDifferenceInDays_DifferenceInDays_date1before" classname="aboodZaidLibrary.TestClsDate" time="0"/>
  <testcase name="testClsDateConstructor_DayMonthYear_ValidDate" classname="aboodZaidLibrary.TestClsDate" time="0"/>
  <testcase name="testInstanceMethod_DaysFromBeginningOfYear" classname="aboodZaidLibrary.TestClsDate" time="0"/>
  <testcase name="testStringConstructor_SingleDigitDay" classname="aboodZaidLibrary.TestClsDate" time="0"/>
  <testcase name="testGetDifferenceInDays_DifferenceInMonths_date2before" classname="aboodZaidLibrary.TestClsDate" time="0.001"/>
  <testcase name="testNumberOfDaysInAMonth_FebruaryLeapYear" classname="aboodZaidLibrary.TestClsDate" time="0"/>
  <testcase name="testIsDate1BeforeDate2_YearEqual_MonthEqual_DayEqual" classname="aboodZaidLibrary.TestClsDate" time="0"/>
  <testcase name="testGetDifferenceInDays_DifferenceInYears_date2before_NonLeapYear" classname="aboodZaidLibrary.TestClsDate" time="0"/>
  <testcase name="testDayOfWeekOrder" classname="aboodZaidLibrary.TestClsDate" time="0"/>
  <testcase name="testDayOfWeekOrder_InvalidDay_LessThan1" classname="aboodZaidLibrary.TestClsDate" time="0"/>
  <testcase name="testNumberOfDaysInAYear_NoneLeapYear" classname="aboodZaidLibrary.TestClsDate" time="0"/>
  <testcase name="testPrintMonthCalendar_StaticMethod" classname="aboodZaidLibrary.TestClsDate" time="0.021"/>
  <testcase name="testSetMonth_Boundary1" classname="aboodZaidLibrary.TestClsDate" time="0"/>
  <testcase name="testDayOfWeekOrder_InvalidMonth_GreaterThan12" classname="aboodZaidLibrary.TestClsDate" time="0"/>
  <testcase name="testNumberOfDaysInAMonth_LeapYear" classname="aboodZaidLibrary.TestClsDate" time="0"/>
  <testcase name="testClsDateConstructor_String_InvalidYear_Negative" classname="aboodZaidLibrary.TestClsDate" time="0"/>
  <testcase name="testClsDateConstructor_NoArgs_UsesSystemDate" classname="aboodZaidLibrary.TestClsDate" time="0"/>
  <testcase name="testIsDate1EqualDate2_SameDate" classname="aboodZaidLibrary.TestClsDate" time="0"/>
  <testcase name="testAddDays_StaysInSameMonth" classname="aboodZaidLibrary.TestClsDate" time="0"/>
  <testcase name="testAddDays_MultipleYears" classname="aboodZaidLibrary.TestClsDate" time="0"/>
  <testcase name="testAddDays_MultipleMonths" classname="aboodZaidLibrary.TestClsDate" time="0"/>
  <testcase name="testClsDateConstructor_DayMonthYear_LeapYearFeb29" classname="aboodZaidLibrary.TestClsDate" time="0"/>
  <testcase name="testNumberOfDaysInYear_InvalidYear" classname="aboodZaidLibrary.TestClsDate" time="0"/>
  <testcase name="testAddDays_Zero" classname="aboodZaidLibrary.TestClsDate" time="0"/>
  <testcase name="testConstructor_Month12" classname="aboodZaidLibrary.TestClsDate" time="0"/>
  <testcase name="testNumberOfSecondsInAMonth_InvalidYear" classname="aboodZaidLibrary.TestClsDate" time="0"/>
  <testcase name="testNumberOfMinutesInAMonth_InvalidMonth" classname="aboodZaidLibrary.TestClsDate" time="0"/>
  <testcase name="testGetSystemDateTimeString" classname="aboodZaidLibrary.TestClsDate" time="0"/>
  <testcase name="testClsDateConstructor_String_InvalidLeapYearFeb29" classname="aboodZaidLibrary.TestClsDate" time="0"/>
  <testcase name="testNumberOfDaysInAYear_InstanceMethod" classname="aboodZaidLibrary.TestClsDate" time="0"/>
  <testcase name="testIsDate1BeforeDate2_SameYear_Date1MonthGreater" classname="aboodZaidLibrary.TestClsDate" time="0"/>
  <testcase name="testIsDate1EqualDate2_SameYear_DifferentMonth" classname="aboodZaidLibrary.TestClsDate" time="0"/>
  <testcase name="testMonthShortName" classname="aboodZaidLibrary.TestClsDate" time="0"/>
  <testcase name="testDaysFromTheBeginningOfTheYear_InvalidYear_Negative" classname="aboodZaidLibrary.TestClsDate" time="0"/>
  <testcase name="testIsLeapYear_LeapYears" classname="aboodZaidLibrary.TestClsDate" time="0"/>
  <testcase name="testDayOfWeekOrder_InvalidDay" classname="aboodZaidLibrary.TestClsDate" time="0"/>
  <testcase name="testGetDifferenceInDays_SameDate" classname="aboodZaidLibrary.TestClsDate" time="0"/>
  <testcase name="testClsDateConstructor_IntParams_InvalidMonth_LessThan1" classname="aboodZaidLibrary.TestClsDate" time="0"/>
  <testcase name="testAddDays_ExactlyEndOfMonth" classname="aboodZaidLibrary.TestClsDate" time="0"/>
  <testcase name="testClsDateConstructor_DayMonthYear_InvalidMonth" classname="aboodZaidLibrary.TestClsDate" time="0"/>
  <testcase name="testIsDateBeforeDate2_InstanceMethod_False" classname="aboodZaidLibrary.TestClsDate" time="0"/>
  <testcase name="testDayShortName_DayMonthYear_InvalidMonth" classname="aboodZaidLibrary.TestClsDate" time="0"/>
  <testcase name="testNumberOfMinutesInAMonth_LeapYear" classname="aboodZaidLibrary.TestClsDate" time="0"/>
  <testcase name="testClsDateConstructor_DayMonthYear_InvalidYear" classname="aboodZaidLibrary.TestClsDate" time="0"/>
  <testcase name="testNumberOfHoursInAYear_InvalidYear_Negative" classname="aboodZaidLibrary.TestClsDate" time="0"/>
  <testcase name="testNumberOfMinutesInAYear_InvalidYear_Negative" classname="aboodZaidLibrary.TestClsDate" time="0"/>
  <testcase name="testNumberOfDaysInAYear_LeapYear" classname="aboodZaidLibrary.TestClsDate" time="0"/>
  <testcase name="testGetDifferenceInDays_DifferenceInDays_date2before" classname="aboodZaidLibrary.TestClsDate" time="0"/>
  <testcase name="testDayShortName_DayOfWeekOrder_LessThan0" classname="aboodZaidLibrary.TestClsDate" time="0"/>
  <testcase name="testDayOfWeekOrder_InvalidYear_Zero" classname="aboodZaidLibrary.TestClsDate" time="0"/>
  <testcase name="testGetDifferenceInDays_DifferenceInYears_date1before_NonLeapYear" classname="aboodZaidLibrary.TestClsDate" time="0"/>
  <testcase name="testDayOfWeekOrder_InstanceMethod" classname="aboodZaidLibrary.TestClsDate" time="0"/>
  <testcase name="testPrintYearCalendar_InvalidYear" classname="aboodZaidLibrary.TestClsDate" time="0"/>
  <testcase name="testDayShortName_DayMonthYear_InvalidDay_GreaterThanMax" classname="aboodZaidLibrary.TestClsDate" time="0"/>
  <testcase name="testNumberOfSecondsInAYear_InstanceMethod" classname="aboodZaidLibrary.TestClsDate" time="0"/>
  <testcase name="testAddDays_ExactlyOneMonth" classname="aboodZaidLibrary.TestClsDate" time="0"/>
  <testcase name="testDateToString_Static" classname="aboodZaidLibrary.TestClsDate" time="0"/>
  <testcase name="testIsDateEqualDate2_InstanceMethod_True" classname="aboodZaidLibrary.TestClsDate" time="0"/>
  <testcase name="testClsDateConstructor_IntParams_InvalidYear_Zero" classname="aboodZaidLibrary.TestClsDate" time="0"/>
  <testcase name="testAddDays_WrapsToNextYear" classname="aboodZaidLibrary.TestClsDate" time="0"/>
  <testcase name="testAddDays_CrossingFebruaryNonLeap" classname="aboodZaidLibrary.TestClsDate" time="0"/>
  <testcase name="testDayOfWeekOrder_InvalidDay_Feb30" classname="aboodZaidLibrary.TestClsDate" time="0"/>
  <testcase name="testNumberOfDaysInAMonth_NonLeapYear" classname="aboodZaidLibrary.TestClsDate" time="0"/>
  <testcase name="testSetMonth_InvalidMonth" classname="aboodZaidLibrary.TestClsDate" time="0"/>
  <testcase name="testInstanceMethod_IsDateEqualDate2_True" classname="aboodZaidLibrary.TestClsDate" time="0"/>
  <testcase name="testDateToString" classname="aboodZaidLibrary.TestClsDate" time="0"/>
  <testcase name="testClsDateConstructor_IntParams_InvalidDay_Feb30" classname="aboodZaidLibrary.TestClsDate" time="0"/>
  <testcase name="testDayOfWeekOrder_VariousDaysInMonth" classname="aboodZaidLibrary.TestClsDate" time="0"/>
  <testcase name="testAddDays_LargeDayCount" classname="aboodZaidLibrary.TestClsDate" time="0"/>
  <testcase name="testDayShortName_DayMonthYear_InvalidDay" classname="aboodZaidLibrary.TestClsDate" time="0"/>
  <testcase name="testDaysFromTheBeginningOfTheYear_InvalidMonth_GreaterThan12" classname="aboodZaidLibrary.TestClsDate" time="0"/>
  <testcase name="testDaysFromTheBeginningOfTheYear_InvalidMonth" classname="aboodZaidLibrary.TestClsDate" time="0"/>
  <testcase name="testClsDateConstructor_String_InvalidMonth" classname="aboodZaidLibrary.TestClsDate" time="0"/>
  <testcase name="testNumberOfDaysInAMonth_NotFebruary" classname="aboodZaidLibrary.TestClsDate" time="0"/>
  <testcase name="testClsDateConstructor_String_ValidDate" classname="aboodZaidLibrary.TestClsDate" time="0"/>
  <testcase name="testNumberOfSecondsInAMonth_NonLeapYear" classname="aboodZaidLibrary.TestClsDate" time="0"/>
  <testcase name="testNumberOfDaysInAMonth_InstanceMethod" classname="aboodZaidLibrary.TestClsDate" time="0"/>
  <testcase name="testMonthShortName_InvalidInput" classname="aboodZaidLibrary.TestClsDate" time="0"/>
</testsuite>