<?xml version="1.0" encoding="UTF-8"?>
<testsuite xmlns:xsi="http://www.w3.org/2001/XMLSchema-instance" xsi:noNamespaceSchemaLocation="https://maven.apache.org/surefire/maven-surefire-plugin/xsd/surefire-test-report.xsd" name="aboodZaidLibrary.TestClsUser" time="4.148" tests="49" errors="0" skipped="0" failures="0">
  <properties>
[...]
</properties>
  <testcase name="testFind_ByUsernameAndPassword_WrongPassword" classname="aboodZaidLibrary.TestClsUser" time="0.053"/>
  <testcase name="testSave_UpdateMode_UpdatesCorrectUser" classname="aboodZaidLibrary.TestClsUser" time="0.155"/>
  <testcase name="testSetGetUserName" classname="aboodZaidLibrary.TestClsUser" time="0.04"/>
  <testcase name="testEnumMode_Values" classname="aboodZaidLibrary.TestClsUser" time="0.035"/>
  <testcase name="testCanBeDeleted_WithActiveLoan" classname="aboodZaidLibrary.TestClsUser" time="0.034"/>
  <testcase name="testDelete_User" classname="aboodZaidLibrary.TestClsUser" time="0.061"/>
  <testcase name="testAddFine" classname="aboodZaidLibrary.TestClsUser" time="0.024"/>
  <testcase name="testPayFine_FullPayment" classname="aboodZaidLibrary.TestClsUser" time="0.036"/>
  <testcase name="testHasOverdue_ReturnedLoan" classname="aboodZaidLibrary.TestClsUser" time="0.067"/>
  <testcase name="testIsEmpty_UpdateMode" classname="aboodZaidLibrary.TestClsUser" time="0.051"/>
  <testcase name="testEnumPermissions_Values" classname="aboodZaidLibrary.TestClsUser" time="0.033"/>
  <testcase name="testEnumSaveResults_Values" classname="aboodZaidLibrary.TestClsUser" time="0.05"/>
  <testcase name="testGetLoginRegisterList" classname="aboodZaidLibrary.TestClsUser" time="0.06"/>
  <testcase name="testConstructor_AllParameters" classname="aboodZaidLibrary.TestClsUser" time="0.036"/>
  <testcase name="testIsAdmin_AdminUser" classname="aboodZaidLibrary.TestClsUser" time="0.067"/>
  <testcase name="testIsUserExist_UserNotExists" classname="aboodZaidLibrary.TestClsUser" time="0.033"/>
  <testcase name="testGetAddNewUserObject" classname="aboodZaidLibrary.TestClsUser" time="0.036"/>
  <testcase name="testIsUserExist_UserExists" classname="aboodZaidLibrary.TestClsUser" time="0.041"/>
  <testcase name="testPayFine_ZeroAmount" classname="aboodZaidLibrary.TestClsUser" time="0.032"/>
  <testcase name="testHasUnpaidFines_NoFines" classname="aboodZaidLibrary.TestClsUser" time="0.023"/>
  <testcase name="testPayFine_Overpayment" classname="aboodZaidLibrary.TestClsUser" time="0.03"/>
  <testcase name="testCanBeDeleted_WithUnpaidFines" classname="aboodZaidLibrary.TestClsUser" time="0.033"/>
  <testcase name="testHasOverdue_OverdueLoan" classname="aboodZaidLibrary.TestClsUser" time="0.07"/>
  <testcase name="testCheckAccessPermission_UserHasMultiplePermissions" classname="aboodZaidLibrary.TestClsUser" time="0.095"/>
  <testcase name="testCheckAccessPermission_AdminHasAllPermissions" classname="aboodZaidLibrary.TestClsUser" time="0.033"/>
  <testcase name="testSetGetPassword" classname="aboodZaidLibrary.TestClsUser" time="0.046"/>
  <testcase name="testIsMarkedForDeleted" classname="aboodZaidLibrary.TestClsUser" time="0.026"/>
  <testcase name="testFind_ByUsernameAndPassword_Success" classname="aboodZaidLibrary.TestClsUser" time="0.326"/>
  <testcase name="testCanBorrow_WithUnpaidFines" classname="aboodZaidLibrary.TestClsUser" time="0.192"/>
  <testcase name="testSave_AddNewMode_Success" classname="aboodZaidLibrary.TestClsUser" time="0.096"/>
  <testcase name="testFind_ByUsername_UserExists" classname="aboodZaidLibrary.TestClsUser" time="0.513"/>
  <testcase name="testCanBorrow_NoIssues" classname="aboodZaidLibrary.TestClsUser" time="0.191"/>
  <testcase name="testRegisterLogin" classname="aboodZaidLibrary.TestClsUser" time="0.099"/>
  <testcase name="testPayFine_NegativeAmount" classname="aboodZaidLibrary.TestClsUser" time="0.031"/>
  <testcase name="testSave_AddNewMode_UserAlreadyExists" classname="aboodZaidLibrary.TestClsUser" time="0.13"/>
  <testcase name="testCanBeDeleted_NoLoansFile" classname="aboodZaidLibrary.TestClsUser" time="0.4"/>
  <testcase name="testHasUnpaidFines_WithFines" classname="aboodZaidLibrary.TestClsUser" time="0.074"/>
  <testcase name="testPayFine_PartialPayment" classname="aboodZaidLibrary.TestClsUser" time="0.057"/>
  <testcase name="testSave_EmptyMode_Fails" classname="aboodZaidLibrary.TestClsUser" time="0.045"/>
  <testcase name="testHasOverdue_NoLoansFile" classname="aboodZaidLibrary.TestClsUser" time="0.082"/>
  <testcase name="testIsAdmin_NonAdminUser" classname="aboodZaidLibrary.TestClsUser" time="0.039"/>
  <testcase name="testSave_UpdateMode_Success" classname="aboodZaidLibrary.TestClsUser" time="0.067"/>
  <testcase name="testIsEmpty_EmptyMode" classname="aboodZaidLibrary.TestClsUser" time="0.033"/>
  <testcase name="testSetGetPermissions" classname="aboodZaidLibrary.TestClsUser" time="0.045"/>
  <testcase name="testGetUsersList" classname="aboodZaidLibrary.TestClsUser" time="0.053"/>
  <testcase name="testGetFineBalance_InitiallyZero" classname="aboodZaidLibrary.TestClsUser" time="0.045"/>
  <testcase name="testFind_ByUsername_UserNotExists" classname="aboodZaidLibrary.TestClsUser" time="0.053"/>
  <testcase name="testCheckAccessPermission_UserHasSpecificPermission" classname="aboodZaidLibrary.TestClsUser" time="0.036"/>
  <testcase name="testCanBeDeleted_NoFinesNoLoans" classname="aboodZaidLibrary.TestClsUser" time="0.17"/>
</testsuite>