<?xml version="1.0" encoding="UTF-8"?>
<testsuite xmlns:xsi="http://www.w3.org/2001/XMLSchema-instance" xsi:noNamespaceSchemaLocation="https://maven.apache.org/surefire/maven-surefire-plugin/xsd/surefire-test-report-3.0.xsd" version="3.0" name="aboodZaidLibrary.TestClsAdminBooksMenuScreen" time="0.071" tests="10" errors="0" skipped="0" failures="4">
  <properties>
[...]
</properties>
  <testcase name="test_ShowDeleteBookScreen_NoExceptions" classname="aboodZaidLibrary.TestClsAdminBooksMenuScreen" time="0.016">
    <failure message="Unexpected exception thrown: java.lang.RuntimeException: java.lang.reflect.InvocationTargetException" type="org.opentest4j.AssertionFailedError"><![CDATA[org.opentest4j.AssertionFailedError: Unexpected exception thrown: java.lang.RuntimeException: java.lang.reflect.InvocationTargetException
	at org.junit.jupiter.api.AssertionFailureBuilder.build(AssertionFailureBuilder.java:152)
	at org.junit.jupiter.api.AssertDoesNotThrow.createAssertionFailedError(AssertDoesNotThrow.java:84)
	at org.junit.jupiter.api.AssertDoesNotThrow.assertDoesNotThrow(AssertDoesNotThrow.java:53)
	at org.junit.jupiter.api.AssertDoesNotThrow.assertDoesNotThrow(AssertDoesNotThrow.java:36)
	at org.junit.jupiter.api.Assertions.assertDoesNotThrow(Assertions.java:3164)
	at aboodZaidLibrary.TestClsAdminBooksMenuScreen.test_ShowDeleteBookScreen_NoExceptions(TestClsAdminBooksMenuScreen.java:128)
	at java.base/java.lang.reflect.Method.invoke(Method.java:565)
	at java.base/java.util.ArrayList.forEach(ArrayList.java:1604)
	at java.base/java.util.ArrayList.forEach(ArrayList.java:1604)
Caused by: java.lang.RuntimeException: java.lang.reflect.InvocationTargetException
	at aboodZaidLibrary.TestClsAdminBooksMenuScreen.lambda$test_ShowDeleteBookScreen_NoExceptions$0(TestClsAdminBooksMenuScreen.java:132)
	at org.junit.jupiter.api.AssertDoesNotThrow.assertDoesNotThrow(AssertDoesNotThrow.java:49)
	... 6 more
Caused by: java.lang.reflect.InvocationTargetException
	at java.base/jdk.internal.reflect.DirectMethodHandleAccessor.invoke(DirectMethodHandleAccessor.java:116)
	at java.base/java.lang.reflect.Method.invoke(Method.java:565)
	at aboodZaidLibrary.TestClsAdminBooksMenuScreen.lambda$test_ShowDeleteBookScreen_NoExceptions$0(TestClsAdminBooksMenuScreen.java:130)
	... 7 more
Caused by: java.lang.NullPointerException: Cannot invoke "aboodZaidLibrary.clsUser.checkAccessPermission(aboodZaidLibrary.clsUser$enPermissions)" because "aboodZaidLibrary.clsUserSession.currentUser" is null
	at aboodZaidLibrary.clsScreen.CheckAccessRights(clsScreen.java:30)
	at aboodZaidLibrary.clsDeleteBookScreen.showDeleteBookScreen(clsDeleteBookScreen.java:13)
	at aboodZaidLibrary.clsAdminBooksMenuScreen._ShowDeleteBookScreen(clsAdminBooksMenuScreen.java:48)
	at java.base/jdk.internal.reflect.DirectMethodHandleAccessor.invoke(DirectMethodHandleAccessor.java:104)
	... 9 more
]]></failure>
  </testcase>
  <testcase name="test_ReadBooksMenuOption_ReturnsAddBook" classname="aboodZaidLibrary.TestClsAdminBooksMenuScreen" time="0.002"/>
  <testcase name="test_ReadBooksMenuOption_ReturnsFindBook" classname="aboodZaidLibrary.TestClsAdminBooksMenuScreen" time="0.001"/>
  <testcase name="test_ShowAddBookScreen_NoExceptions" classname="aboodZaidLibrary.TestClsAdminBooksMenuScreen" time="0.004">
    <failure message="Unexpected exception thrown: java.lang.RuntimeException: java.lang.reflect.InvocationTargetException" type="org.opentest4j.AssertionFailedError"><![CDATA[org.opentest4j.AssertionFailedError: Unexpected exception thrown: java.lang.RuntimeException: java.lang.reflect.InvocationTargetException
	at org.junit.jupiter.api.AssertionFailureBuilder.build(AssertionFailureBuilder.java:152)
	at org.junit.jupiter.api.AssertDoesNotThrow.createAssertionFailedError(AssertDoesNotThrow.java:84)
	at org.junit.jupiter.api.AssertDoesNotThrow.assertDoesNotThrow(AssertDoesNotThrow.java:53)
	at org.junit.jupiter.api.AssertDoesNotThrow.assertDoesNotThrow(AssertDoesNotThrow.java:36)
	at org.junit.jupiter.api.Assertions.assertDoesNotThrow(Assertions.java:3164)
	at aboodZaidLibrary.TestClsAdminBooksMenuScreen.test_ShowAddBookScreen_NoExceptions(TestClsAdminBooksMenuScreen.java:113)
	at java.base/java.lang.reflect.Method.invoke(Method.java:565)
	at java.base/java.util.ArrayList.forEach(ArrayList.java:1604)
	at java.base/java.util.ArrayList.forEach(ArrayList.java:1604)
Caused by: java.lang.RuntimeException: java.lang.reflect.InvocationTargetException
	at aboodZaidLibrary.TestClsAdminBooksMenuScreen.lambda$test_ShowAddBookScreen_NoExceptions$0(TestClsAdminBooksMenuScreen.java:117)
	at org.junit.jupiter.api.AssertDoesNotThrow.assertDoesNotThrow(AssertDoesNotThrow.java:49)
	... 6 more
Caused by: java.lang.reflect.InvocationTargetException
	at java.base/jdk.internal.reflect.DirectMethodHandleAccessor.invoke(DirectMethodHandleAccessor.java:116)
	at java.base/java.lang.reflect.Method.invoke(Method.java:565)
	at aboodZaidLibrary.TestClsAdminBooksMenuScreen.lambda$test_ShowAddBookScreen_NoExceptions$0(TestClsAdminBooksMenuScreen.java:115)
	... 7 more
Caused by: java.lang.NullPointerException: Cannot invoke "aboodZaidLibrary.clsUser.isEmpty()" because "aboodZaidLibrary.clsUserSession.currentUser" is null
	at aboodZaidLibrary.clsScreen._DrawScreenHeader(clsScreen.java:18)
	at aboodZaidLibrary.clsScreen._DrawScreenHeader(clsScreen.java:27)
	at aboodZaidLibrary.clsAddNewBookScreen.showAddNewBookScreen(clsAddNewBookScreen.java:56)
	at aboodZaidLibrary.clsAdminBooksMenuScreen._ShowAddBookScreen(clsAdminBooksMenuScreen.java:45)
	at java.base/jdk.internal.reflect.DirectMethodHandleAccessor.invoke(DirectMethodHandleAccessor.java:104)
	... 9 more
]]></failure>
  </testcase>
  <testcase name="test_ReadBooksMenuOption_ReturnsBackToMainMenu" classname="aboodZaidLibrary.TestClsAdminBooksMenuScreen" time="0.007"/>
  <testcase name="test_ReadBooksMenuOption_ReturnsBooksList" classname="aboodZaidLibrary.TestClsAdminBooksMenuScreen" time="0.002"/>
  <testcase name="test_showBooksMenu_PrintsMenu" classname="aboodZaidLibrary.TestClsAdminBooksMenuScreen" time="0.004">
    <failure message="expected: &lt;true&gt; but was: &lt;false&gt;" type="org.opentest4j.AssertionFailedError"><![CDATA[org.opentest4j.AssertionFailedError: expected: <true> but was: <false>
	at org.junit.jupiter.api.AssertionFailureBuilder.build(AssertionFailureBuilder.java:151)
	at org.junit.jupiter.api.AssertionFailureBuilder.buildAndThrow(AssertionFailureBuilder.java:132)
	at org.junit.jupiter.api.AssertTrue.failNotTrue(AssertTrue.java:63)
	at org.junit.jupiter.api.AssertTrue.assertTrue(AssertTrue.java:36)
	at org.junit.jupiter.api.AssertTrue.assertTrue(AssertTrue.java:31)
	at org.junit.jupiter.api.Assertions.assertTrue(Assertions.java:179)
	at aboodZaidLibrary.TestClsAdminBooksMenuScreen.test_showBooksMenu_PrintsMenu(TestClsAdminBooksMenuScreen.java:177)
	at java.base/java.lang.reflect.Method.invoke(Method.java:565)
	at java.base/java.util.ArrayList.forEach(ArrayList.java:1604)
	at java.base/java.util.ArrayList.forEach(ArrayList.java:1604)
]]></failure>
  </testcase>
  <testcase name="test_ReadBooksMenuOption_ReturnsDeleteBook" classname="aboodZaidLibrary.TestClsAdminBooksMenuScreen" time="0.001"/>
  <testcase name="test_GoBackToBooksMenu_PrintsMessage" classname="aboodZaidLibrary.TestClsAdminBooksMenuScreen" time="0.002"/>
  <testcase name="test_ShowBooksListScreen_NoExceptions" classname="aboodZaidLibrary.TestClsAdminBooksMenuScreen" time="0.013">
    <failure message="Unexpected exception thrown: java.lang.RuntimeException: java.lang.reflect.InvocationTargetException" type="org.opentest4j.AssertionFailedError"><![CDATA[org.opentest4j.AssertionFailedError: Unexpected exception thrown: java.lang.RuntimeException: java.lang.reflect.InvocationTargetException
	at org.junit.jupiter.api.AssertionFailureBuilder.build(AssertionFailureBuilder.java:152)
	at org.junit.jupiter.api.AssertDoesNotThrow.createAssertionFailedError(AssertDoesNotThrow.java:84)
	at org.junit.jupiter.api.AssertDoesNotThrow.assertDoesNotThrow(AssertDoesNotThrow.java:53)
	at org.junit.jupiter.api.AssertDoesNotThrow.assertDoesNotThrow(AssertDoesNotThrow.java:36)
	at org.junit.jupiter.api.Assertions.assertDoesNotThrow(Assertions.java:3164)
	at aboodZaidLibrary.TestClsAdminBooksMenuScreen.test_ShowBooksListScreen_NoExceptions(TestClsAdminBooksMenuScreen.java:96)
	at java.base/java.lang.reflect.Method.invoke(Method.java:565)
	at java.base/java.util.ArrayList.forEach(ArrayList.java:1604)
	at java.base/java.util.ArrayList.forEach(ArrayList.java:1604)
Caused by: java.lang.RuntimeException: java.lang.reflect.InvocationTargetException
	at aboodZaidLibrary.TestClsAdminBooksMenuScreen.lambda$test_ShowBooksListScreen_NoExceptions$0(TestClsAdminBooksMenuScreen.java:100)
	at org.junit.jupiter.api.AssertDoesNotThrow.assertDoesNotThrow(AssertDoesNotThrow.java:49)
	... 6 more
Caused by: java.lang.reflect.InvocationTargetException
	at java.base/jdk.internal.reflect.DirectMethodHandleAccessor.invoke(DirectMethodHandleAccessor.java:116)
	at java.base/java.lang.reflect.Method.invoke(Method.java:565)
	at aboodZaidLibrary.TestClsAdminBooksMenuScreen.lambda$test_ShowBooksListScreen_NoExceptions$0(TestClsAdminBooksMenuScreen.java:98)
	... 7 more
Caused by: java.lang.NullPointerException: Cannot invoke "aboodZaidLibrary.clsUser.isEmpty()" because "aboodZaidLibrary.clsUserSession.currentUser" is null
	at aboodZaidLibrary.clsScreen._DrawScreenHeader(clsScreen.java:18)
	at aboodZaidLibrary.clsBooksListScreen.showBooksListScreen(clsBooksListScreen.java:21)
	at aboodZaidLibrary.clsAdminBooksMenuScreen._ShowBooksListScreen(clsAdminBooksMenuScreen.java:39)
	at java.base/jdk.internal.reflect.DirectMethodHandleAccessor.invoke(DirectMethodHandleAccessor.java:104)
	... 9 more
]]></failure>
  </testcase>
</testsuite>